ERROR - 2023-06-16 09:22:09 --> mysqli_sql_exception: Column 'email' cannot be null in C:\xampp\htdocs\DeesCSProjects\projectdemo\system\Database\MySQLi\Connection.php:295
Stack trace:
#0 C:\xampp\htdocs\DeesCSProjects\projectdemo\system\Database\MySQLi\Connection.php(295): mysqli->query('INSERT INTO `tb...', 0)
#1 C:\xampp\htdocs\DeesCSProjects\projectdemo\system\Database\BaseConnection.php(692): CodeIgniter\Database\MySQLi\Connection->execute('INSERT INTO `tb...')
#2 C:\xampp\htdocs\DeesCSProjects\projectdemo\system\Database\BaseConnection.php(606): CodeIgniter\Database\BaseConnection->simpleQuery('INSERT INTO `tb...')
#3 C:\xampp\htdocs\DeesCSProjects\projectdemo\system\Database\BaseBuilder.php(2309): CodeIgniter\Database\BaseConnection->query('INSERT INTO `tb...', Array, false)
#4 C:\xampp\htdocs\DeesCSProjects\projectdemo\system\Model.php(330): CodeIgniter\Database\BaseBuilder->insert()
#5 C:\xampp\htdocs\DeesCSProjects\projectdemo\system\BaseModel.php(782): CodeIgniter\Model->doInsert(Array)
#6 C:\xampp\htdocs\DeesCSProjects\projectdemo\system\Model.php(730): CodeIgniter\BaseModel->insert(Array, true)
#7 C:\xampp\htdocs\DeesCSProjects\projectdemo\app\Controllers\UserController.php(53): CodeIgniter\Model->insert(Array)
#8 C:\xampp\htdocs\DeesCSProjects\projectdemo\system\CodeIgniter.php(934): App\Controllers\UserController->do_register()
#9 C:\xampp\htdocs\DeesCSProjects\projectdemo\system\CodeIgniter.php(499): CodeIgniter\CodeIgniter->runController(Object(App\Controllers\UserController))
#10 C:\xampp\htdocs\DeesCSProjects\projectdemo\system\CodeIgniter.php(368): CodeIgniter\CodeIgniter->handleRequest(NULL, Object(Config\Cache), false)
#11 C:\xampp\htdocs\DeesCSProjects\projectdemo\public\index.php(67): CodeIgniter\CodeIgniter->run()
#12 C:\xampp\htdocs\DeesCSProjects\projectdemo\system\Commands\Server\rewrite.php(47): require_once('C:\\xampp\\htdocs...')
#13 {main}
CRITICAL - 2023-06-16 09:22:09 --> Column 'email' cannot be null
in SYSTEMPATH\Database\MySQLi\Connection.php on line 295.
 1 SYSTEMPATH\Database\MySQLi\Connection.php(295): mysqli->query('INSERT INTO `tbl_user` (`email`, `password`) VALUES (NULL, NULL)', 0)
 2 SYSTEMPATH\Database\BaseConnection.php(692): CodeIgniter\Database\MySQLi\Connection->execute('INSERT INTO `tbl_user` (`email`, `password`) VALUES (NULL, NULL)')
 3 SYSTEMPATH\Database\BaseConnection.php(606): CodeIgniter\Database\BaseConnection->simpleQuery('INSERT INTO `tbl_user` (`email`, `password`) VALUES (NULL, NULL)')
 4 SYSTEMPATH\Database\BaseBuilder.php(2309): CodeIgniter\Database\BaseConnection->query('INSERT INTO `tbl_user` (`email`, `password`) VALUES (:email:, :password:)', [...], false)
 5 SYSTEMPATH\Model.php(330): CodeIgniter\Database\BaseBuilder->insert()
 6 SYSTEMPATH\BaseModel.php(782): CodeIgniter\Model->doInsert([...])
 7 SYSTEMPATH\Model.php(730): CodeIgniter\BaseModel->insert([...], true)
 8 APPPATH\Controllers\UserController.php(53): CodeIgniter\Model->insert([...])
 9 SYSTEMPATH\CodeIgniter.php(934): App\Controllers\UserController->do_register()
10 SYSTEMPATH\CodeIgniter.php(499): CodeIgniter\CodeIgniter->runController(Object(App\Controllers\UserController))
11 SYSTEMPATH\CodeIgniter.php(368): CodeIgniter\CodeIgniter->handleRequest(null, Object(Config\Cache), false)
12 FCPATH\index.php(67): CodeIgniter\CodeIgniter->run()
13 SYSTEMPATH\Commands\Server\rewrite.php(47): require_once('C:\\xampp\\htdocs\\DeesCSProjects\\projectdemo\\public\\index.php')
ERROR - 2023-06-16 09:27:05 --> mysqli_sql_exception: Column 'email' cannot be null in C:\xampp\htdocs\DeesCSProjects\projectdemo\system\Database\MySQLi\Connection.php:295
Stack trace:
#0 C:\xampp\htdocs\DeesCSProjects\projectdemo\system\Database\MySQLi\Connection.php(295): mysqli->query('INSERT INTO `tb...', 0)
#1 C:\xampp\htdocs\DeesCSProjects\projectdemo\system\Database\BaseConnection.php(692): CodeIgniter\Database\MySQLi\Connection->execute('INSERT INTO `tb...')
#2 C:\xampp\htdocs\DeesCSProjects\projectdemo\system\Database\BaseConnection.php(606): CodeIgniter\Database\BaseConnection->simpleQuery('INSERT INTO `tb...')
#3 C:\xampp\htdocs\DeesCSProjects\projectdemo\system\Database\BaseBuilder.php(2309): CodeIgniter\Database\BaseConnection->query('INSERT INTO `tb...', Array, false)
#4 C:\xampp\htdocs\DeesCSProjects\projectdemo\system\Model.php(330): CodeIgniter\Database\BaseBuilder->insert()
#5 C:\xampp\htdocs\DeesCSProjects\projectdemo\system\BaseModel.php(782): CodeIgniter\Model->doInsert(Array)
#6 C:\xampp\htdocs\DeesCSProjects\projectdemo\system\Model.php(730): CodeIgniter\BaseModel->insert(Array, true)
#7 C:\xampp\htdocs\DeesCSProjects\projectdemo\app\Controllers\UserController.php(53): CodeIgniter\Model->insert(Array)
#8 C:\xampp\htdocs\DeesCSProjects\projectdemo\system\CodeIgniter.php(934): App\Controllers\UserController->do_register()
#9 C:\xampp\htdocs\DeesCSProjects\projectdemo\system\CodeIgniter.php(499): CodeIgniter\CodeIgniter->runController(Object(App\Controllers\UserController))
#10 C:\xampp\htdocs\DeesCSProjects\projectdemo\system\CodeIgniter.php(368): CodeIgniter\CodeIgniter->handleRequest(NULL, Object(Config\Cache), false)
#11 C:\xampp\htdocs\DeesCSProjects\projectdemo\public\index.php(67): CodeIgniter\CodeIgniter->run()
#12 C:\xampp\htdocs\DeesCSProjects\projectdemo\system\Commands\Server\rewrite.php(47): require_once('C:\\xampp\\htdocs...')
#13 {main}
CRITICAL - 2023-06-16 09:27:05 --> Column 'email' cannot be null
in SYSTEMPATH\Database\MySQLi\Connection.php on line 295.
 1 SYSTEMPATH\Database\MySQLi\Connection.php(295): mysqli->query('INSERT INTO `tbl_user` (`email`, `password`) VALUES (NULL, NULL)', 0)
 2 SYSTEMPATH\Database\BaseConnection.php(692): CodeIgniter\Database\MySQLi\Connection->execute('INSERT INTO `tbl_user` (`email`, `password`) VALUES (NULL, NULL)')
 3 SYSTEMPATH\Database\BaseConnection.php(606): CodeIgniter\Database\BaseConnection->simpleQuery('INSERT INTO `tbl_user` (`email`, `password`) VALUES (NULL, NULL)')
 4 SYSTEMPATH\Database\BaseBuilder.php(2309): CodeIgniter\Database\BaseConnection->query('INSERT INTO `tbl_user` (`email`, `password`) VALUES (:email:, :password:)', [...], false)
 5 SYSTEMPATH\Model.php(330): CodeIgniter\Database\BaseBuilder->insert()
 6 SYSTEMPATH\BaseModel.php(782): CodeIgniter\Model->doInsert([...])
 7 SYSTEMPATH\Model.php(730): CodeIgniter\BaseModel->insert([...], true)
 8 APPPATH\Controllers\UserController.php(53): CodeIgniter\Model->insert([...])
 9 SYSTEMPATH\CodeIgniter.php(934): App\Controllers\UserController->do_register()
10 SYSTEMPATH\CodeIgniter.php(499): CodeIgniter\CodeIgniter->runController(Object(App\Controllers\UserController))
11 SYSTEMPATH\CodeIgniter.php(368): CodeIgniter\CodeIgniter->handleRequest(null, Object(Config\Cache), false)
12 FCPATH\index.php(67): CodeIgniter\CodeIgniter->run()
13 SYSTEMPATH\Commands\Server\rewrite.php(47): require_once('C:\\xampp\\htdocs\\DeesCSProjects\\projectdemo\\public\\index.php')
CRITICAL - 2023-06-16 09:32:41 --> Undefined property: App\Controllers\UserController::$form_validation
in APPPATH\Controllers\UserController.php on line 53.
 1 APPPATH\Controllers\UserController.php(53): CodeIgniter\Debug\Exceptions->errorHandler(2, 'Undefined property: App\\Controllers\\UserController::$form_validation', 'C:\\xampp\\htdocs\\DeesCSProjects\\projectdemo\\app\\Controllers\\UserController.php', 53)
 2 SYSTEMPATH\CodeIgniter.php(934): App\Controllers\UserController->do_register()
 3 SYSTEMPATH\CodeIgniter.php(499): CodeIgniter\CodeIgniter->runController(Object(App\Controllers\UserController))
 4 SYSTEMPATH\CodeIgniter.php(368): CodeIgniter\CodeIgniter->handleRequest(null, Object(Config\Cache), false)
 5 FCPATH\index.php(67): CodeIgniter\CodeIgniter->run()
 6 SYSTEMPATH\Commands\Server\rewrite.php(47): require_once('C:\\xampp\\htdocs\\DeesCSProjects\\projectdemo\\public\\index.php')
ERROR - 2023-06-16 09:37:11 --> mysqli_sql_exception: Column 'email' cannot be null in C:\xampp\htdocs\DeesCSProjects\projectdemo\system\Database\MySQLi\Connection.php:295
Stack trace:
#0 C:\xampp\htdocs\DeesCSProjects\projectdemo\system\Database\MySQLi\Connection.php(295): mysqli->query('INSERT INTO `tb...', 0)
#1 C:\xampp\htdocs\DeesCSProjects\projectdemo\system\Database\BaseConnection.php(692): CodeIgniter\Database\MySQLi\Connection->execute('INSERT INTO `tb...')
#2 C:\xampp\htdocs\DeesCSProjects\projectdemo\system\Database\BaseConnection.php(606): CodeIgniter\Database\BaseConnection->simpleQuery('INSERT INTO `tb...')
#3 C:\xampp\htdocs\DeesCSProjects\projectdemo\system\Database\BaseBuilder.php(2309): CodeIgniter\Database\BaseConnection->query('INSERT INTO `tb...', Array, false)
#4 C:\xampp\htdocs\DeesCSProjects\projectdemo\system\Model.php(330): CodeIgniter\Database\BaseBuilder->insert()
#5 C:\xampp\htdocs\DeesCSProjects\projectdemo\system\BaseModel.php(782): CodeIgniter\Model->doInsert(Array)
#6 C:\xampp\htdocs\DeesCSProjects\projectdemo\system\Model.php(730): CodeIgniter\BaseModel->insert(Array, true)
#7 C:\xampp\htdocs\DeesCSProjects\projectdemo\app\Controllers\UserController.php(61): CodeIgniter\Model->insert(Array)
#8 C:\xampp\htdocs\DeesCSProjects\projectdemo\system\CodeIgniter.php(934): App\Controllers\UserController->do_register()
#9 C:\xampp\htdocs\DeesCSProjects\projectdemo\system\CodeIgniter.php(499): CodeIgniter\CodeIgniter->runController(Object(App\Controllers\UserController))
#10 C:\xampp\htdocs\DeesCSProjects\projectdemo\system\CodeIgniter.php(368): CodeIgniter\CodeIgniter->handleRequest(NULL, Object(Config\Cache), false)
#11 C:\xampp\htdocs\DeesCSProjects\projectdemo\public\index.php(67): CodeIgniter\CodeIgniter->run()
#12 C:\xampp\htdocs\DeesCSProjects\projectdemo\system\Commands\Server\rewrite.php(47): require_once('C:\\xampp\\htdocs...')
#13 {main}
CRITICAL - 2023-06-16 09:37:11 --> Column 'email' cannot be null
in SYSTEMPATH\Database\MySQLi\Connection.php on line 295.
 1 SYSTEMPATH\Database\MySQLi\Connection.php(295): mysqli->query('INSERT INTO `tbl_user` (`email`, `password`) VALUES (NULL, NULL)', 0)
 2 SYSTEMPATH\Database\BaseConnection.php(692): CodeIgniter\Database\MySQLi\Connection->execute('INSERT INTO `tbl_user` (`email`, `password`) VALUES (NULL, NULL)')
 3 SYSTEMPATH\Database\BaseConnection.php(606): CodeIgniter\Database\BaseConnection->simpleQuery('INSERT INTO `tbl_user` (`email`, `password`) VALUES (NULL, NULL)')
 4 SYSTEMPATH\Database\BaseBuilder.php(2309): CodeIgniter\Database\BaseConnection->query('INSERT INTO `tbl_user` (`email`, `password`) VALUES (:email:, :password:)', [...], false)
 5 SYSTEMPATH\Model.php(330): CodeIgniter\Database\BaseBuilder->insert()
 6 SYSTEMPATH\BaseModel.php(782): CodeIgniter\Model->doInsert([...])
 7 SYSTEMPATH\Model.php(730): CodeIgniter\BaseModel->insert([...], true)
 8 APPPATH\Controllers\UserController.php(61): CodeIgniter\Model->insert([...])
 9 SYSTEMPATH\CodeIgniter.php(934): App\Controllers\UserController->do_register()
10 SYSTEMPATH\CodeIgniter.php(499): CodeIgniter\CodeIgniter->runController(Object(App\Controllers\UserController))
11 SYSTEMPATH\CodeIgniter.php(368): CodeIgniter\CodeIgniter->handleRequest(null, Object(Config\Cache), false)
12 FCPATH\index.php(67): CodeIgniter\CodeIgniter->run()
13 SYSTEMPATH\Commands\Server\rewrite.php(47): require_once('C:\\xampp\\htdocs\\DeesCSProjects\\projectdemo\\public\\index.php')
CRITICAL - 2023-06-16 09:45:19 --> "min_lenth" is not a valid rule.
in SYSTEMPATH\Validation\Validation.php on line 329.
 1 SYSTEMPATH\Validation\Validation.php(329): CodeIgniter\Validation\Exceptions\ValidationException::forRuleNotFound('min_lenth')
 2 SYSTEMPATH\Validation\Validation.php(179): CodeIgniter\Validation\Validation->processRules('password', 'password', '123456', [...], [...])
 3 SYSTEMPATH\Controller.php(140): CodeIgniter\Validation\Validation->run()
 4 APPPATH\Controllers\UserController.php(55): CodeIgniter\Controller->validate([...])
 5 SYSTEMPATH\CodeIgniter.php(934): App\Controllers\UserController->do_register()
 6 SYSTEMPATH\CodeIgniter.php(499): CodeIgniter\CodeIgniter->runController(Object(App\Controllers\UserController))
 7 SYSTEMPATH\CodeIgniter.php(368): CodeIgniter\CodeIgniter->handleRequest(null, Object(Config\Cache), false)
 8 FCPATH\index.php(67): CodeIgniter\CodeIgniter->run()
 9 SYSTEMPATH\Commands\Server\rewrite.php(47): require_once('C:\\xampp\\htdocs\\DeesCSProjects\\projectdemo\\public\\index.php')
CRITICAL - 2023-06-16 09:48:59 --> Undefined property: App\Controllers\UserController::$validation
in APPPATH\Controllers\UserController.php on line 73.
 1 APPPATH\Controllers\UserController.php(73): CodeIgniter\Debug\Exceptions->errorHandler(2, 'Undefined property: App\\Controllers\\UserController::$validation', 'C:\\xampp\\htdocs\\DeesCSProjects\\projectdemo\\app\\Controllers\\UserController.php', 73)
 2 SYSTEMPATH\CodeIgniter.php(934): App\Controllers\UserController->do_register()
 3 SYSTEMPATH\CodeIgniter.php(499): CodeIgniter\CodeIgniter->runController(Object(App\Controllers\UserController))
 4 SYSTEMPATH\CodeIgniter.php(368): CodeIgniter\CodeIgniter->handleRequest(null, Object(Config\Cache), false)
 5 FCPATH\index.php(67): CodeIgniter\CodeIgniter->run()
 6 SYSTEMPATH\Commands\Server\rewrite.php(47): require_once('C:\\xampp\\htdocs\\DeesCSProjects\\projectdemo\\public\\index.php')
CRITICAL - 2023-06-16 09:49:29 --> Undefined property: App\Controllers\UserController::$validation
in APPPATH\Controllers\UserController.php on line 73.
 1 APPPATH\Controllers\UserController.php(73): CodeIgniter\Debug\Exceptions->errorHandler(2, 'Undefined property: App\\Controllers\\UserController::$validation', 'C:\\xampp\\htdocs\\DeesCSProjects\\projectdemo\\app\\Controllers\\UserController.php', 73)
 2 SYSTEMPATH\CodeIgniter.php(934): App\Controllers\UserController->do_register()
 3 SYSTEMPATH\CodeIgniter.php(499): CodeIgniter\CodeIgniter->runController(Object(App\Controllers\UserController))
 4 SYSTEMPATH\CodeIgniter.php(368): CodeIgniter\CodeIgniter->handleRequest(null, Object(Config\Cache), false)
 5 FCPATH\index.php(67): CodeIgniter\CodeIgniter->run()
 6 SYSTEMPATH\Commands\Server\rewrite.php(47): require_once('C:\\xampp\\htdocs\\DeesCSProjects\\projectdemo\\public\\index.php')
CRITICAL - 2023-06-16 09:52:56 --> Undefined property: App\Controllers\UserController::$validation
in APPPATH\Controllers\UserController.php on line 73.
 1 APPPATH\Controllers\UserController.php(73): CodeIgniter\Debug\Exceptions->errorHandler(2, 'Undefined property: App\\Controllers\\UserController::$validation', 'C:\\xampp\\htdocs\\DeesCSProjects\\projectdemo\\app\\Controllers\\UserController.php', 73)
 2 SYSTEMPATH\CodeIgniter.php(934): App\Controllers\UserController->do_register()
 3 SYSTEMPATH\CodeIgniter.php(499): CodeIgniter\CodeIgniter->runController(Object(App\Controllers\UserController))
 4 SYSTEMPATH\CodeIgniter.php(368): CodeIgniter\CodeIgniter->handleRequest(null, Object(Config\Cache), false)
 5 FCPATH\index.php(67): CodeIgniter\CodeIgniter->run()
 6 SYSTEMPATH\Commands\Server\rewrite.php(47): require_once('C:\\xampp\\htdocs\\DeesCSProjects\\projectdemo\\public\\index.php')
CRITICAL - 2023-06-16 09:53:37 --> Call to undefined method App\Controllers\UserController::validation()
in APPPATH\Controllers\UserController.php on line 64.
 1 SYSTEMPATH\CodeIgniter.php(934): App\Controllers\UserController->do_register()
 2 SYSTEMPATH\CodeIgniter.php(499): CodeIgniter\CodeIgniter->runController(Object(App\Controllers\UserController))
 3 SYSTEMPATH\CodeIgniter.php(368): CodeIgniter\CodeIgniter->handleRequest(null, Object(Config\Cache), false)
 4 FCPATH\index.php(67): CodeIgniter\CodeIgniter->run()
 5 SYSTEMPATH\Commands\Server\rewrite.php(47): require_once('C:\\xampp\\htdocs\\DeesCSProjects\\projectdemo\\public\\index.php')
CRITICAL - 2023-06-16 09:54:05 --> Undefined property: App\Controllers\UserController::$validate
in APPPATH\Controllers\UserController.php on line 73.
 1 APPPATH\Controllers\UserController.php(73): CodeIgniter\Debug\Exceptions->errorHandler(2, 'Undefined property: App\\Controllers\\UserController::$validate', 'C:\\xampp\\htdocs\\DeesCSProjects\\projectdemo\\app\\Controllers\\UserController.php', 73)
 2 SYSTEMPATH\CodeIgniter.php(934): App\Controllers\UserController->do_register()
 3 SYSTEMPATH\CodeIgniter.php(499): CodeIgniter\CodeIgniter->runController(Object(App\Controllers\UserController))
 4 SYSTEMPATH\CodeIgniter.php(368): CodeIgniter\CodeIgniter->handleRequest(null, Object(Config\Cache), false)
 5 FCPATH\index.php(67): CodeIgniter\CodeIgniter->run()
 6 SYSTEMPATH\Commands\Server\rewrite.php(47): require_once('C:\\xampp\\htdocs\\DeesCSProjects\\projectdemo\\public\\index.php')
CRITICAL - 2023-06-16 09:55:49 --> Undefined property: App\Controllers\UserController::$validate
in APPPATH\Controllers\UserController.php on line 75.
 1 APPPATH\Controllers\UserController.php(75): CodeIgniter\Debug\Exceptions->errorHandler(2, 'Undefined property: App\\Controllers\\UserController::$validate', 'C:\\xampp\\htdocs\\DeesCSProjects\\projectdemo\\app\\Controllers\\UserController.php', 75)
 2 SYSTEMPATH\CodeIgniter.php(934): App\Controllers\UserController->do_register()
 3 SYSTEMPATH\CodeIgniter.php(499): CodeIgniter\CodeIgniter->runController(Object(App\Controllers\UserController))
 4 SYSTEMPATH\CodeIgniter.php(368): CodeIgniter\CodeIgniter->handleRequest(null, Object(Config\Cache), false)
 5 FCPATH\index.php(67): CodeIgniter\CodeIgniter->run()
 6 SYSTEMPATH\Commands\Server\rewrite.php(47): require_once('C:\\xampp\\htdocs\\DeesCSProjects\\projectdemo\\public\\index.php')
ERROR - 2023-06-16 12:15:50 --> mysqli_sql_exception: Table 'recipe_db.tbl_user' doesn't exist in C:\xampp\htdocs\DeesCSProjects\projectdemo\system\Database\MySQLi\Connection.php:295
Stack trace:
#0 C:\xampp\htdocs\DeesCSProjects\projectdemo\system\Database\MySQLi\Connection.php(295): mysqli->query('INSERT INTO `tb...', 0)
#1 C:\xampp\htdocs\DeesCSProjects\projectdemo\system\Database\BaseConnection.php(692): CodeIgniter\Database\MySQLi\Connection->execute('INSERT INTO `tb...')
#2 C:\xampp\htdocs\DeesCSProjects\projectdemo\system\Database\BaseConnection.php(606): CodeIgniter\Database\BaseConnection->simpleQuery('INSERT INTO `tb...')
#3 C:\xampp\htdocs\DeesCSProjects\projectdemo\system\Database\BaseBuilder.php(2309): CodeIgniter\Database\BaseConnection->query('INSERT INTO `tb...', Array, false)
#4 C:\xampp\htdocs\DeesCSProjects\projectdemo\system\Model.php(330): CodeIgniter\Database\BaseBuilder->insert()
#5 C:\xampp\htdocs\DeesCSProjects\projectdemo\system\BaseModel.php(782): CodeIgniter\Model->doInsert(Array)
#6 C:\xampp\htdocs\DeesCSProjects\projectdemo\system\Model.php(730): CodeIgniter\BaseModel->insert(Array, true)
#7 C:\xampp\htdocs\DeesCSProjects\projectdemo\app\Controllers\UserController.php(59): CodeIgniter\Model->insert(Array)
#8 C:\xampp\htdocs\DeesCSProjects\projectdemo\system\CodeIgniter.php(934): App\Controllers\UserController->do_register()
#9 C:\xampp\htdocs\DeesCSProjects\projectdemo\system\CodeIgniter.php(499): CodeIgniter\CodeIgniter->runController(Object(App\Controllers\UserController))
#10 C:\xampp\htdocs\DeesCSProjects\projectdemo\system\CodeIgniter.php(368): CodeIgniter\CodeIgniter->handleRequest(NULL, Object(Config\Cache), false)
#11 C:\xampp\htdocs\DeesCSProjects\projectdemo\public\index.php(67): CodeIgniter\CodeIgniter->run()
#12 C:\xampp\htdocs\DeesCSProjects\projectdemo\system\Commands\Server\rewrite.php(47): require_once('C:\\xampp\\htdocs...')
#13 {main}
CRITICAL - 2023-06-16 12:15:50 --> Table 'recipe_db.tbl_user' doesn't exist
in SYSTEMPATH\Database\MySQLi\Connection.php on line 295.
 1 SYSTEMPATH\Database\MySQLi\Connection.php(295): mysqli->query('INSERT INTO `tbl_user` (`email`, `password`, `c_password`) VALUES (\'dee@gmail.com\', \'12345678\', \'12345678\')', 0)
 2 SYSTEMPATH\Database\BaseConnection.php(692): CodeIgniter\Database\MySQLi\Connection->execute('INSERT INTO `tbl_user` (`email`, `password`, `c_password`) VALUES (\'dee@gmail.com\', \'12345678\', \'12345678\')')
 3 SYSTEMPATH\Database\BaseConnection.php(606): CodeIgniter\Database\BaseConnection->simpleQuery('INSERT INTO `tbl_user` (`email`, `password`, `c_password`) VALUES (\'dee@gmail.com\', \'12345678\', \'12345678\')')
 4 SYSTEMPATH\Database\BaseBuilder.php(2309): CodeIgniter\Database\BaseConnection->query('INSERT INTO `tbl_user` (`email`, `password`, `c_password`) VALUES (:email:, :password:, :c_password:)', [...], false)
 5 SYSTEMPATH\Model.php(330): CodeIgniter\Database\BaseBuilder->insert()
 6 SYSTEMPATH\BaseModel.php(782): CodeIgniter\Model->doInsert([...])
 7 SYSTEMPATH\Model.php(730): CodeIgniter\BaseModel->insert([...], true)
 8 APPPATH\Controllers\UserController.php(59): CodeIgniter\Model->insert([...])
 9 SYSTEMPATH\CodeIgniter.php(934): App\Controllers\UserController->do_register()
10 SYSTEMPATH\CodeIgniter.php(499): CodeIgniter\CodeIgniter->runController(Object(App\Controllers\UserController))
11 SYSTEMPATH\CodeIgniter.php(368): CodeIgniter\CodeIgniter->handleRequest(null, Object(Config\Cache), false)
12 FCPATH\index.php(67): CodeIgniter\CodeIgniter->run()
13 SYSTEMPATH\Commands\Server\rewrite.php(47): require_once('C:\\xampp\\htdocs\\DeesCSProjects\\projectdemo\\public\\index.php')
ERROR - 2023-06-16 12:33:41 --> mysqli_sql_exception: You have an error in your SQL syntax; check the manual that corresponds to your MariaDB server version for the right syntax to use near '1 PRIMARY KEY(`user_id`)
) DEFAULT CHARACTER SET = utf8 COLLATE = utf8_genera...' at line 7 in C:\xampp\htdocs\DeesCSProjects\projectdemo\system\Database\MySQLi\Connection.php:295
Stack trace:
#0 C:\xampp\htdocs\DeesCSProjects\projectdemo\system\Database\MySQLi\Connection.php(295): mysqli->query('CREATE TABLE `t...', 0)
#1 C:\xampp\htdocs\DeesCSProjects\projectdemo\system\Database\BaseConnection.php(692): CodeIgniter\Database\MySQLi\Connection->execute('CREATE TABLE `t...')
#2 C:\xampp\htdocs\DeesCSProjects\projectdemo\system\Database\BaseConnection.php(606): CodeIgniter\Database\BaseConnection->simpleQuery('CREATE TABLE `t...')
#3 C:\xampp\htdocs\DeesCSProjects\projectdemo\system\Database\Forge.php(546): CodeIgniter\Database\BaseConnection->query('CREATE TABLE `t...')
#4 C:\xampp\htdocs\DeesCSProjects\projectdemo\app\Database\Migrations\2023-06-16-122257_TblUser.php(49): CodeIgniter\Database\Forge->createTable('tbl_user', true)
#5 C:\xampp\htdocs\DeesCSProjects\projectdemo\system\Database\MigrationRunner.php(877): App\Database\Migrations\TblUser->up()
#6 C:\xampp\htdocs\DeesCSProjects\projectdemo\system\Database\MigrationRunner.php(188): CodeIgniter\Database\MigrationRunner->migrate('up', Object(stdClass))
#7 C:\xampp\htdocs\DeesCSProjects\projectdemo\system\Commands\Database\Migrate.php(84): CodeIgniter\Database\MigrationRunner->latest(NULL)
#8 C:\xampp\htdocs\DeesCSProjects\projectdemo\system\CLI\Commands.php(65): CodeIgniter\Commands\Database\Migrate->run(Array)
#9 C:\xampp\htdocs\DeesCSProjects\projectdemo\system\CLI\Console.php(37): CodeIgniter\CLI\Commands->run('migrate', Array)
#10 C:\xampp\htdocs\DeesCSProjects\projectdemo\spark(97): CodeIgniter\CLI\Console->run()
#11 {main}
ERROR - 2023-06-16 12:39:07 --> mysqli_sql_exception: You have an error in your SQL syntax; check the manual that corresponds to your MariaDB server version for the right syntax to use near '1 PRIMARY KEY(`user_id`)
) DEFAULT CHARACTER SET = utf8 COLLATE = utf8_genera...' at line 7 in C:\xampp\htdocs\DeesCSProjects\projectdemo\system\Database\MySQLi\Connection.php:295
Stack trace:
#0 C:\xampp\htdocs\DeesCSProjects\projectdemo\system\Database\MySQLi\Connection.php(295): mysqli->query('CREATE TABLE `t...', 0)
#1 C:\xampp\htdocs\DeesCSProjects\projectdemo\system\Database\BaseConnection.php(692): CodeIgniter\Database\MySQLi\Connection->execute('CREATE TABLE `t...')
#2 C:\xampp\htdocs\DeesCSProjects\projectdemo\system\Database\BaseConnection.php(606): CodeIgniter\Database\BaseConnection->simpleQuery('CREATE TABLE `t...')
#3 C:\xampp\htdocs\DeesCSProjects\projectdemo\system\Database\Forge.php(546): CodeIgniter\Database\BaseConnection->query('CREATE TABLE `t...')
#4 C:\xampp\htdocs\DeesCSProjects\projectdemo\app\Database\Migrations\2023-06-16-122257_TblUser.php(49): CodeIgniter\Database\Forge->createTable('tbl_user', true)
#5 C:\xampp\htdocs\DeesCSProjects\projectdemo\system\Database\MigrationRunner.php(877): App\Database\Migrations\TblUser->up()
#6 C:\xampp\htdocs\DeesCSProjects\projectdemo\system\Database\MigrationRunner.php(188): CodeIgniter\Database\MigrationRunner->migrate('up', Object(stdClass))
#7 C:\xampp\htdocs\DeesCSProjects\projectdemo\system\Commands\Database\Migrate.php(84): CodeIgniter\Database\MigrationRunner->latest(NULL)
#8 C:\xampp\htdocs\DeesCSProjects\projectdemo\system\CLI\Commands.php(65): CodeIgniter\Commands\Database\Migrate->run(Array)
#9 C:\xampp\htdocs\DeesCSProjects\projectdemo\system\CLI\Console.php(37): CodeIgniter\CLI\Commands->run('migrate', Array)
#10 C:\xampp\htdocs\DeesCSProjects\projectdemo\spark(97): CodeIgniter\CLI\Console->run()
#11 {main}
ERROR - 2023-06-16 12:41:39 --> mysqli_sql_exception: You have an error in your SQL syntax; check the manual that corresponds to your MariaDB server version for the right syntax to use near '1 PRIMARY KEY(`role_id`)
) DEFAULT CHARACTER SET = utf8 COLLATE = utf8_genera...' at line 6 in C:\xampp\htdocs\DeesCSProjects\projectdemo\system\Database\MySQLi\Connection.php:295
Stack trace:
#0 C:\xampp\htdocs\DeesCSProjects\projectdemo\system\Database\MySQLi\Connection.php(295): mysqli->query('CREATE TABLE `t...', 0)
#1 C:\xampp\htdocs\DeesCSProjects\projectdemo\system\Database\BaseConnection.php(692): CodeIgniter\Database\MySQLi\Connection->execute('CREATE TABLE `t...')
#2 C:\xampp\htdocs\DeesCSProjects\projectdemo\system\Database\BaseConnection.php(606): CodeIgniter\Database\BaseConnection->simpleQuery('CREATE TABLE `t...')
#3 C:\xampp\htdocs\DeesCSProjects\projectdemo\system\Database\Forge.php(546): CodeIgniter\Database\BaseConnection->query('CREATE TABLE `t...')
#4 C:\xampp\htdocs\DeesCSProjects\projectdemo\app\Database\Migrations\2023-06-16-123738_Role.php(46): CodeIgniter\Database\Forge->createTable('tbl_role', true)
#5 C:\xampp\htdocs\DeesCSProjects\projectdemo\system\Database\MigrationRunner.php(877): App\Database\Migrations\Role->up()
#6 C:\xampp\htdocs\DeesCSProjects\projectdemo\system\Database\MigrationRunner.php(188): CodeIgniter\Database\MigrationRunner->migrate('up', Object(stdClass))
#7 C:\xampp\htdocs\DeesCSProjects\projectdemo\system\Commands\Database\Migrate.php(84): CodeIgniter\Database\MigrationRunner->latest(NULL)
#8 C:\xampp\htdocs\DeesCSProjects\projectdemo\system\CLI\Commands.php(65): CodeIgniter\Commands\Database\Migrate->run(Array)
#9 C:\xampp\htdocs\DeesCSProjects\projectdemo\system\CLI\Console.php(37): CodeIgniter\CLI\Commands->run('migrate', Array)
#10 C:\xampp\htdocs\DeesCSProjects\projectdemo\spark(97): CodeIgniter\CLI\Console->run()
#11 {main}
ERROR - 2023-06-16 12:44:27 --> mysqli_sql_exception: You have an error in your SQL syntax; check the manual that corresponds to your MariaDB server version for the right syntax to use near '1 PRIMARY KEY(`role_id`)
) DEFAULT CHARACTER SET = utf8 COLLATE = utf8_genera...' at line 6 in C:\xampp\htdocs\DeesCSProjects\projectdemo\system\Database\MySQLi\Connection.php:295
Stack trace:
#0 C:\xampp\htdocs\DeesCSProjects\projectdemo\system\Database\MySQLi\Connection.php(295): mysqli->query('CREATE TABLE `t...', 0)
#1 C:\xampp\htdocs\DeesCSProjects\projectdemo\system\Database\BaseConnection.php(692): CodeIgniter\Database\MySQLi\Connection->execute('CREATE TABLE `t...')
#2 C:\xampp\htdocs\DeesCSProjects\projectdemo\system\Database\BaseConnection.php(606): CodeIgniter\Database\BaseConnection->simpleQuery('CREATE TABLE `t...')
#3 C:\xampp\htdocs\DeesCSProjects\projectdemo\system\Database\Forge.php(546): CodeIgniter\Database\BaseConnection->query('CREATE TABLE `t...')
#4 C:\xampp\htdocs\DeesCSProjects\projectdemo\app\Database\Migrations\2023-06-16-123738_Role.php(46): CodeIgniter\Database\Forge->createTable('tbl_role', true)
#5 C:\xampp\htdocs\DeesCSProjects\projectdemo\system\Database\MigrationRunner.php(877): App\Database\Migrations\Role->up()
#6 C:\xampp\htdocs\DeesCSProjects\projectdemo\system\Database\MigrationRunner.php(188): CodeIgniter\Database\MigrationRunner->migrate('up', Object(stdClass))
#7 C:\xampp\htdocs\DeesCSProjects\projectdemo\system\Commands\Database\Migrate.php(84): CodeIgniter\Database\MigrationRunner->latest(NULL)
#8 C:\xampp\htdocs\DeesCSProjects\projectdemo\system\CLI\Commands.php(65): CodeIgniter\Commands\Database\Migrate->run(Array)
#9 C:\xampp\htdocs\DeesCSProjects\projectdemo\system\CLI\Console.php(37): CodeIgniter\CLI\Commands->run('migrate', Array)
#10 C:\xampp\htdocs\DeesCSProjects\projectdemo\spark(97): CodeIgniter\CLI\Console->run()
#11 {main}
ERROR - 2023-06-16 12:45:01 --> mysqli_sql_exception: You have an error in your SQL syntax; check the manual that corresponds to your MariaDB server version for the right syntax to use near '1 PRIMARY KEY(`role_id`)
) DEFAULT CHARACTER SET = utf8 COLLATE = utf8_genera...' at line 6 in C:\xampp\htdocs\DeesCSProjects\projectdemo\system\Database\MySQLi\Connection.php:295
Stack trace:
#0 C:\xampp\htdocs\DeesCSProjects\projectdemo\system\Database\MySQLi\Connection.php(295): mysqli->query('CREATE TABLE `r...', 0)
#1 C:\xampp\htdocs\DeesCSProjects\projectdemo\system\Database\BaseConnection.php(692): CodeIgniter\Database\MySQLi\Connection->execute('CREATE TABLE `r...')
#2 C:\xampp\htdocs\DeesCSProjects\projectdemo\system\Database\BaseConnection.php(606): CodeIgniter\Database\BaseConnection->simpleQuery('CREATE TABLE `r...')
#3 C:\xampp\htdocs\DeesCSProjects\projectdemo\system\Database\Forge.php(546): CodeIgniter\Database\BaseConnection->query('CREATE TABLE `r...')
#4 C:\xampp\htdocs\DeesCSProjects\projectdemo\app\Database\Migrations\2023-06-16-123738_Role.php(46): CodeIgniter\Database\Forge->createTable('role', true)
#5 C:\xampp\htdocs\DeesCSProjects\projectdemo\system\Database\MigrationRunner.php(877): App\Database\Migrations\Role->up()
#6 C:\xampp\htdocs\DeesCSProjects\projectdemo\system\Database\MigrationRunner.php(188): CodeIgniter\Database\MigrationRunner->migrate('up', Object(stdClass))
#7 C:\xampp\htdocs\DeesCSProjects\projectdemo\system\Commands\Database\Migrate.php(84): CodeIgniter\Database\MigrationRunner->latest(NULL)
#8 C:\xampp\htdocs\DeesCSProjects\projectdemo\system\CLI\Commands.php(65): CodeIgniter\Commands\Database\Migrate->run(Array)
#9 C:\xampp\htdocs\DeesCSProjects\projectdemo\system\CLI\Console.php(37): CodeIgniter\CLI\Commands->run('migrate', Array)
#10 C:\xampp\htdocs\DeesCSProjects\projectdemo\spark(97): CodeIgniter\CLI\Console->run()
#11 {main}
ERROR - 2023-06-16 12:47:28 --> mysqli_sql_exception: You have an error in your SQL syntax; check the manual that corresponds to your MariaDB server version for the right syntax to use near '1 PRIMARY KEY(`role_id`)
) DEFAULT CHARACTER SET = utf8 COLLATE = utf8_genera...' at line 6 in C:\xampp\htdocs\DeesCSProjects\projectdemo\system\Database\MySQLi\Connection.php:295
Stack trace:
#0 C:\xampp\htdocs\DeesCSProjects\projectdemo\system\Database\MySQLi\Connection.php(295): mysqli->query('CREATE TABLE `r...', 0)
#1 C:\xampp\htdocs\DeesCSProjects\projectdemo\system\Database\BaseConnection.php(692): CodeIgniter\Database\MySQLi\Connection->execute('CREATE TABLE `r...')
#2 C:\xampp\htdocs\DeesCSProjects\projectdemo\system\Database\BaseConnection.php(606): CodeIgniter\Database\BaseConnection->simpleQuery('CREATE TABLE `r...')
#3 C:\xampp\htdocs\DeesCSProjects\projectdemo\system\Database\Forge.php(546): CodeIgniter\Database\BaseConnection->query('CREATE TABLE `r...')
#4 C:\xampp\htdocs\DeesCSProjects\projectdemo\app\Database\Migrations\2023-06-16-123738_Role.php(46): CodeIgniter\Database\Forge->createTable('role', true)
#5 C:\xampp\htdocs\DeesCSProjects\projectdemo\system\Database\MigrationRunner.php(877): App\Database\Migrations\Role->up()
#6 C:\xampp\htdocs\DeesCSProjects\projectdemo\system\Database\MigrationRunner.php(188): CodeIgniter\Database\MigrationRunner->migrate('up', Object(stdClass))
#7 C:\xampp\htdocs\DeesCSProjects\projectdemo\system\Commands\Database\Migrate.php(84): CodeIgniter\Database\MigrationRunner->latest(NULL)
#8 C:\xampp\htdocs\DeesCSProjects\projectdemo\system\CLI\Commands.php(65): CodeIgniter\Commands\Database\Migrate->run(Array)
#9 C:\xampp\htdocs\DeesCSProjects\projectdemo\system\CLI\Console.php(37): CodeIgniter\CLI\Commands->run('migrate', Array)
#10 C:\xampp\htdocs\DeesCSProjects\projectdemo\spark(97): CodeIgniter\CLI\Console->run()
#11 {main}
ERROR - 2023-06-16 12:50:38 --> mysqli_sql_exception: You have an error in your SQL syntax; check the manual that corresponds to your MariaDB server version for the right syntax to use near '1 PRIMARY KEY(`role_id`)
) DEFAULT CHARACTER SET = utf8 COLLATE = utf8_genera...' at line 6 in C:\xampp\htdocs\DeesCSProjects\projectdemo\system\Database\MySQLi\Connection.php:295
Stack trace:
#0 C:\xampp\htdocs\DeesCSProjects\projectdemo\system\Database\MySQLi\Connection.php(295): mysqli->query('CREATE TABLE `r...', 0)
#1 C:\xampp\htdocs\DeesCSProjects\projectdemo\system\Database\BaseConnection.php(692): CodeIgniter\Database\MySQLi\Connection->execute('CREATE TABLE `r...')
#2 C:\xampp\htdocs\DeesCSProjects\projectdemo\system\Database\BaseConnection.php(606): CodeIgniter\Database\BaseConnection->simpleQuery('CREATE TABLE `r...')
#3 C:\xampp\htdocs\DeesCSProjects\projectdemo\system\Database\Forge.php(546): CodeIgniter\Database\BaseConnection->query('CREATE TABLE `r...')
#4 C:\xampp\htdocs\DeesCSProjects\projectdemo\app\Database\Migrations\2023-06-16-123738_Role.php(47): CodeIgniter\Database\Forge->createTable('role', true)
#5 C:\xampp\htdocs\DeesCSProjects\projectdemo\system\Database\MigrationRunner.php(877): App\Database\Migrations\Role->up()
#6 C:\xampp\htdocs\DeesCSProjects\projectdemo\system\Database\MigrationRunner.php(188): CodeIgniter\Database\MigrationRunner->migrate('up', Object(stdClass))
#7 C:\xampp\htdocs\DeesCSProjects\projectdemo\system\Commands\Database\Migrate.php(84): CodeIgniter\Database\MigrationRunner->latest(NULL)
#8 C:\xampp\htdocs\DeesCSProjects\projectdemo\system\CLI\Commands.php(65): CodeIgniter\Commands\Database\Migrate->run(Array)
#9 C:\xampp\htdocs\DeesCSProjects\projectdemo\system\CLI\Console.php(37): CodeIgniter\CLI\Commands->run('migrate', Array)
#10 C:\xampp\htdocs\DeesCSProjects\projectdemo\spark(97): CodeIgniter\CLI\Console->run()
#11 {main}
ERROR - 2023-06-16 12:55:57 --> mysqli_sql_exception: You have an error in your SQL syntax; check the manual that corresponds to your MariaDB server version for the right syntax to use near '1 PRIMARY KEY(`role_id`)
) DEFAULT CHARACTER SET = utf8 COLLATE = utf8_genera...' at line 6 in C:\xampp\htdocs\DeesCSProjects\projectdemo\system\Database\MySQLi\Connection.php:295
Stack trace:
#0 C:\xampp\htdocs\DeesCSProjects\projectdemo\system\Database\MySQLi\Connection.php(295): mysqli->query('CREATE TABLE `r...', 0)
#1 C:\xampp\htdocs\DeesCSProjects\projectdemo\system\Database\BaseConnection.php(692): CodeIgniter\Database\MySQLi\Connection->execute('CREATE TABLE `r...')
#2 C:\xampp\htdocs\DeesCSProjects\projectdemo\system\Database\BaseConnection.php(606): CodeIgniter\Database\BaseConnection->simpleQuery('CREATE TABLE `r...')
#3 C:\xampp\htdocs\DeesCSProjects\projectdemo\system\Database\Forge.php(546): CodeIgniter\Database\BaseConnection->query('CREATE TABLE `r...')
#4 C:\xampp\htdocs\DeesCSProjects\projectdemo\app\Database\Migrations\2023-06-16-123738_Role.php(45): CodeIgniter\Database\Forge->createTable('role')
#5 C:\xampp\htdocs\DeesCSProjects\projectdemo\system\Database\MigrationRunner.php(877): App\Database\Migrations\Role->up()
#6 C:\xampp\htdocs\DeesCSProjects\projectdemo\system\Database\MigrationRunner.php(188): CodeIgniter\Database\MigrationRunner->migrate('up', Object(stdClass))
#7 C:\xampp\htdocs\DeesCSProjects\projectdemo\system\Commands\Database\Migrate.php(84): CodeIgniter\Database\MigrationRunner->latest(NULL)
#8 C:\xampp\htdocs\DeesCSProjects\projectdemo\system\CLI\Commands.php(65): CodeIgniter\Commands\Database\Migrate->run(Array)
#9 C:\xampp\htdocs\DeesCSProjects\projectdemo\system\CLI\Console.php(37): CodeIgniter\CLI\Commands->run('migrate', Array)
#10 C:\xampp\htdocs\DeesCSProjects\projectdemo\spark(97): CodeIgniter\CLI\Console->run()
#11 {main}
