ERROR - 2023-06-17 06:48:01 --> Error connecting to the database: mysqli_sql_exception: Unknown database 'recipe_db' in C:\xampp\htdocs\csproject\system\Database\MySQLi\Connection.php:173
Stack trace:
#0 C:\xampp\htdocs\csproject\system\Database\MySQLi\Connection.php(173): mysqli->real_connect('p:localhost', 'root', Object(SensitiveParameterValue), 'recipe_db', 3307, '', 0)
#1 C:\xampp\htdocs\csproject\system\Database\BaseConnection.php(391): CodeIgniter\Database\MySQLi\Connection->connect(true)
#2 C:\xampp\htdocs\csproject\system\Database\BaseConnection.php(574): CodeIgniter\Database\BaseConnection->initialize()
#3 C:\xampp\htdocs\csproject\system\Database\BaseBuilder.php(2309): CodeIgniter\Database\BaseConnection->query('INSERT INTO `tb...', Array, false)
#4 C:\xampp\htdocs\csproject\system\Model.php(330): CodeIgniter\Database\BaseBuilder->insert()
#5 C:\xampp\htdocs\csproject\system\BaseModel.php(782): CodeIgniter\Model->doInsert(Array)
#6 C:\xampp\htdocs\csproject\system\Model.php(730): CodeIgniter\BaseModel->insert(Array, true)
#7 C:\xampp\htdocs\csproject\app\Controllers\UserController.php(59): CodeIgniter\Model->insert(Array)
#8 C:\xampp\htdocs\csproject\system\CodeIgniter.php(934): App\Controllers\UserController->do_register()
#9 C:\xampp\htdocs\csproject\system\CodeIgniter.php(499): CodeIgniter\CodeIgniter->runController(Object(App\Controllers\UserController))
#10 C:\xampp\htdocs\csproject\system\CodeIgniter.php(368): CodeIgniter\CodeIgniter->handleRequest(NULL, Object(Config\Cache), false)
#11 C:\xampp\htdocs\csproject\public\index.php(67): CodeIgniter\CodeIgniter->run()
#12 C:\xampp\htdocs\csproject\system\Commands\Server\rewrite.php(47): require_once('C:\\xampp\\htdocs...')
#13 {main}

Next CodeIgniter\Database\Exceptions\DatabaseException: Unknown database 'recipe_db' in C:\xampp\htdocs\csproject\system\Database\MySQLi\Connection.php:218
Stack trace:
#0 C:\xampp\htdocs\csproject\system\Database\BaseConnection.php(391): CodeIgniter\Database\MySQLi\Connection->connect(true)
#1 C:\xampp\htdocs\csproject\system\Database\BaseConnection.php(574): CodeIgniter\Database\BaseConnection->initialize()
#2 C:\xampp\htdocs\csproject\system\Database\BaseBuilder.php(2309): CodeIgniter\Database\BaseConnection->query('INSERT INTO `tb...', Array, false)
#3 C:\xampp\htdocs\csproject\system\Model.php(330): CodeIgniter\Database\BaseBuilder->insert()
#4 C:\xampp\htdocs\csproject\system\BaseModel.php(782): CodeIgniter\Model->doInsert(Array)
#5 C:\xampp\htdocs\csproject\system\Model.php(730): CodeIgniter\BaseModel->insert(Array, true)
#6 C:\xampp\htdocs\csproject\app\Controllers\UserController.php(59): CodeIgniter\Model->insert(Array)
#7 C:\xampp\htdocs\csproject\system\CodeIgniter.php(934): App\Controllers\UserController->do_register()
#8 C:\xampp\htdocs\csproject\system\CodeIgniter.php(499): CodeIgniter\CodeIgniter->runController(Object(App\Controllers\UserController))
#9 C:\xampp\htdocs\csproject\system\CodeIgniter.php(368): CodeIgniter\CodeIgniter->handleRequest(NULL, Object(Config\Cache), false)
#10 C:\xampp\htdocs\csproject\public\index.php(67): CodeIgniter\CodeIgniter->run()
#11 C:\xampp\htdocs\csproject\system\Commands\Server\rewrite.php(47): require_once('C:\\xampp\\htdocs...')
#12 {main}
CRITICAL - 2023-06-17 06:48:01 --> Unable to connect to the database.
Main connection [MySQLi]: Unknown database 'recipe_db'
in SYSTEMPATH\Database\BaseConnection.php on line 427.
 1 SYSTEMPATH\Database\BaseConnection.php(574): CodeIgniter\Database\BaseConnection->initialize()
 2 SYSTEMPATH\Database\BaseBuilder.php(2309): CodeIgniter\Database\BaseConnection->query('INSERT INTO `tbl_user` (`email`, `password`, `c_password`) VALUES (:email:, :password:, :c_password:)', [...], false)
 3 SYSTEMPATH\Model.php(330): CodeIgniter\Database\BaseBuilder->insert()
 4 SYSTEMPATH\BaseModel.php(782): CodeIgniter\Model->doInsert([...])
 5 SYSTEMPATH\Model.php(730): CodeIgniter\BaseModel->insert([...], true)
 6 APPPATH\Controllers\UserController.php(59): CodeIgniter\Model->insert([...])
 7 SYSTEMPATH\CodeIgniter.php(934): App\Controllers\UserController->do_register()
 8 SYSTEMPATH\CodeIgniter.php(499): CodeIgniter\CodeIgniter->runController(Object(App\Controllers\UserController))
 9 SYSTEMPATH\CodeIgniter.php(368): CodeIgniter\CodeIgniter->handleRequest(null, Object(Config\Cache), false)
10 FCPATH\index.php(67): CodeIgniter\CodeIgniter->run()
11 SYSTEMPATH\Commands\Server\rewrite.php(47): require_once('C:\\xampp\\htdocs\\csproject\\public\\index.php')
ERROR - 2023-06-17 06:49:49 --> Error connecting to the database: mysqli_sql_exception: Unknown database 'recipe_db' in C:\xampp\htdocs\csproject\system\Database\MySQLi\Connection.php:173
Stack trace:
#0 C:\xampp\htdocs\csproject\system\Database\MySQLi\Connection.php(173): mysqli->real_connect('p:localhost', 'root', Object(SensitiveParameterValue), 'recipe_db', 3307, '', 0)
#1 C:\xampp\htdocs\csproject\system\Database\BaseConnection.php(391): CodeIgniter\Database\MySQLi\Connection->connect(true)
#2 C:\xampp\htdocs\csproject\system\Database\BaseConnection.php(574): CodeIgniter\Database\BaseConnection->initialize()
#3 C:\xampp\htdocs\csproject\system\Database\BaseBuilder.php(2309): CodeIgniter\Database\BaseConnection->query('INSERT INTO `tb...', Array, false)
#4 C:\xampp\htdocs\csproject\system\Model.php(330): CodeIgniter\Database\BaseBuilder->insert()
#5 C:\xampp\htdocs\csproject\system\BaseModel.php(782): CodeIgniter\Model->doInsert(Array)
#6 C:\xampp\htdocs\csproject\system\Model.php(730): CodeIgniter\BaseModel->insert(Array, true)
#7 C:\xampp\htdocs\csproject\app\Controllers\UserController.php(59): CodeIgniter\Model->insert(Array)
#8 C:\xampp\htdocs\csproject\system\CodeIgniter.php(934): App\Controllers\UserController->do_register()
#9 C:\xampp\htdocs\csproject\system\CodeIgniter.php(499): CodeIgniter\CodeIgniter->runController(Object(App\Controllers\UserController))
#10 C:\xampp\htdocs\csproject\system\CodeIgniter.php(368): CodeIgniter\CodeIgniter->handleRequest(NULL, Object(Config\Cache), false)
#11 C:\xampp\htdocs\csproject\public\index.php(67): CodeIgniter\CodeIgniter->run()
#12 C:\xampp\htdocs\csproject\system\Commands\Server\rewrite.php(47): require_once('C:\\xampp\\htdocs...')
#13 {main}

Next CodeIgniter\Database\Exceptions\DatabaseException: Unknown database 'recipe_db' in C:\xampp\htdocs\csproject\system\Database\MySQLi\Connection.php:218
Stack trace:
#0 C:\xampp\htdocs\csproject\system\Database\BaseConnection.php(391): CodeIgniter\Database\MySQLi\Connection->connect(true)
#1 C:\xampp\htdocs\csproject\system\Database\BaseConnection.php(574): CodeIgniter\Database\BaseConnection->initialize()
#2 C:\xampp\htdocs\csproject\system\Database\BaseBuilder.php(2309): CodeIgniter\Database\BaseConnection->query('INSERT INTO `tb...', Array, false)
#3 C:\xampp\htdocs\csproject\system\Model.php(330): CodeIgniter\Database\BaseBuilder->insert()
#4 C:\xampp\htdocs\csproject\system\BaseModel.php(782): CodeIgniter\Model->doInsert(Array)
#5 C:\xampp\htdocs\csproject\system\Model.php(730): CodeIgniter\BaseModel->insert(Array, true)
#6 C:\xampp\htdocs\csproject\app\Controllers\UserController.php(59): CodeIgniter\Model->insert(Array)
#7 C:\xampp\htdocs\csproject\system\CodeIgniter.php(934): App\Controllers\UserController->do_register()
#8 C:\xampp\htdocs\csproject\system\CodeIgniter.php(499): CodeIgniter\CodeIgniter->runController(Object(App\Controllers\UserController))
#9 C:\xampp\htdocs\csproject\system\CodeIgniter.php(368): CodeIgniter\CodeIgniter->handleRequest(NULL, Object(Config\Cache), false)
#10 C:\xampp\htdocs\csproject\public\index.php(67): CodeIgniter\CodeIgniter->run()
#11 C:\xampp\htdocs\csproject\system\Commands\Server\rewrite.php(47): require_once('C:\\xampp\\htdocs...')
#12 {main}
CRITICAL - 2023-06-17 06:49:49 --> Unable to connect to the database.
Main connection [MySQLi]: Unknown database 'recipe_db'
in SYSTEMPATH\Database\BaseConnection.php on line 427.
 1 SYSTEMPATH\Database\BaseConnection.php(574): CodeIgniter\Database\BaseConnection->initialize()
 2 SYSTEMPATH\Database\BaseBuilder.php(2309): CodeIgniter\Database\BaseConnection->query('INSERT INTO `tbl_user` (`email`, `password`, `c_password`) VALUES (:email:, :password:, :c_password:)', [...], false)
 3 SYSTEMPATH\Model.php(330): CodeIgniter\Database\BaseBuilder->insert()
 4 SYSTEMPATH\BaseModel.php(782): CodeIgniter\Model->doInsert([...])
 5 SYSTEMPATH\Model.php(730): CodeIgniter\BaseModel->insert([...], true)
 6 APPPATH\Controllers\UserController.php(59): CodeIgniter\Model->insert([...])
 7 SYSTEMPATH\CodeIgniter.php(934): App\Controllers\UserController->do_register()
 8 SYSTEMPATH\CodeIgniter.php(499): CodeIgniter\CodeIgniter->runController(Object(App\Controllers\UserController))
 9 SYSTEMPATH\CodeIgniter.php(368): CodeIgniter\CodeIgniter->handleRequest(null, Object(Config\Cache), false)
10 FCPATH\index.php(67): CodeIgniter\CodeIgniter->run()
11 SYSTEMPATH\Commands\Server\rewrite.php(47): require_once('C:\\xampp\\htdocs\\csproject\\public\\index.php')
ERROR - 2023-06-17 06:52:07 --> Error connecting to the database: mysqli_sql_exception: Unknown database 'recipe_db' in C:\xampp\htdocs\csproject\system\Database\MySQLi\Connection.php:173
Stack trace:
#0 C:\xampp\htdocs\csproject\system\Database\MySQLi\Connection.php(173): mysqli->real_connect('p:localhost', 'root', Object(SensitiveParameterValue), 'recipe_db', 3307, '', 0)
#1 C:\xampp\htdocs\csproject\system\Database\BaseConnection.php(391): CodeIgniter\Database\MySQLi\Connection->connect(true)
#2 C:\xampp\htdocs\csproject\system\Database\BaseConnection.php(574): CodeIgniter\Database\BaseConnection->initialize()
#3 C:\xampp\htdocs\csproject\system\Database\BaseBuilder.php(2309): CodeIgniter\Database\BaseConnection->query('INSERT INTO `tb...', Array, false)
#4 C:\xampp\htdocs\csproject\system\Model.php(330): CodeIgniter\Database\BaseBuilder->insert()
#5 C:\xampp\htdocs\csproject\system\BaseModel.php(782): CodeIgniter\Model->doInsert(Array)
#6 C:\xampp\htdocs\csproject\system\Model.php(730): CodeIgniter\BaseModel->insert(Array, true)
#7 C:\xampp\htdocs\csproject\app\Controllers\UserController.php(59): CodeIgniter\Model->insert(Array)
#8 C:\xampp\htdocs\csproject\system\CodeIgniter.php(934): App\Controllers\UserController->do_register()
#9 C:\xampp\htdocs\csproject\system\CodeIgniter.php(499): CodeIgniter\CodeIgniter->runController(Object(App\Controllers\UserController))
#10 C:\xampp\htdocs\csproject\system\CodeIgniter.php(368): CodeIgniter\CodeIgniter->handleRequest(NULL, Object(Config\Cache), false)
#11 C:\xampp\htdocs\csproject\public\index.php(67): CodeIgniter\CodeIgniter->run()
#12 C:\xampp\htdocs\csproject\system\Commands\Server\rewrite.php(47): require_once('C:\\xampp\\htdocs...')
#13 {main}

Next CodeIgniter\Database\Exceptions\DatabaseException: Unknown database 'recipe_db' in C:\xampp\htdocs\csproject\system\Database\MySQLi\Connection.php:218
Stack trace:
#0 C:\xampp\htdocs\csproject\system\Database\BaseConnection.php(391): CodeIgniter\Database\MySQLi\Connection->connect(true)
#1 C:\xampp\htdocs\csproject\system\Database\BaseConnection.php(574): CodeIgniter\Database\BaseConnection->initialize()
#2 C:\xampp\htdocs\csproject\system\Database\BaseBuilder.php(2309): CodeIgniter\Database\BaseConnection->query('INSERT INTO `tb...', Array, false)
#3 C:\xampp\htdocs\csproject\system\Model.php(330): CodeIgniter\Database\BaseBuilder->insert()
#4 C:\xampp\htdocs\csproject\system\BaseModel.php(782): CodeIgniter\Model->doInsert(Array)
#5 C:\xampp\htdocs\csproject\system\Model.php(730): CodeIgniter\BaseModel->insert(Array, true)
#6 C:\xampp\htdocs\csproject\app\Controllers\UserController.php(59): CodeIgniter\Model->insert(Array)
#7 C:\xampp\htdocs\csproject\system\CodeIgniter.php(934): App\Controllers\UserController->do_register()
#8 C:\xampp\htdocs\csproject\system\CodeIgniter.php(499): CodeIgniter\CodeIgniter->runController(Object(App\Controllers\UserController))
#9 C:\xampp\htdocs\csproject\system\CodeIgniter.php(368): CodeIgniter\CodeIgniter->handleRequest(NULL, Object(Config\Cache), false)
#10 C:\xampp\htdocs\csproject\public\index.php(67): CodeIgniter\CodeIgniter->run()
#11 C:\xampp\htdocs\csproject\system\Commands\Server\rewrite.php(47): require_once('C:\\xampp\\htdocs...')
#12 {main}
CRITICAL - 2023-06-17 06:52:07 --> Unable to connect to the database.
Main connection [MySQLi]: Unknown database 'recipe_db'
in SYSTEMPATH\Database\BaseConnection.php on line 427.
 1 SYSTEMPATH\Database\BaseConnection.php(574): CodeIgniter\Database\BaseConnection->initialize()
 2 SYSTEMPATH\Database\BaseBuilder.php(2309): CodeIgniter\Database\BaseConnection->query('INSERT INTO `tbl_user` (`email`, `password`, `c_password`) VALUES (:email:, :password:, :c_password:)', [...], false)
 3 SYSTEMPATH\Model.php(330): CodeIgniter\Database\BaseBuilder->insert()
 4 SYSTEMPATH\BaseModel.php(782): CodeIgniter\Model->doInsert([...])
 5 SYSTEMPATH\Model.php(730): CodeIgniter\BaseModel->insert([...], true)
 6 APPPATH\Controllers\UserController.php(59): CodeIgniter\Model->insert([...])
 7 SYSTEMPATH\CodeIgniter.php(934): App\Controllers\UserController->do_register()
 8 SYSTEMPATH\CodeIgniter.php(499): CodeIgniter\CodeIgniter->runController(Object(App\Controllers\UserController))
 9 SYSTEMPATH\CodeIgniter.php(368): CodeIgniter\CodeIgniter->handleRequest(null, Object(Config\Cache), false)
10 FCPATH\index.php(67): CodeIgniter\CodeIgniter->run()
11 SYSTEMPATH\Commands\Server\rewrite.php(47): require_once('C:\\xampp\\htdocs\\csproject\\public\\index.php')
CRITICAL - 2023-06-17 06:59:07 --> Undefined property: App\Controllers\UserController::$validate
in APPPATH\Controllers\UserController.php on line 77.
 1 APPPATH\Controllers\UserController.php(77): CodeIgniter\Debug\Exceptions->errorHandler(2, 'Undefined property: App\\Controllers\\UserController::$validate', 'C:\\xampp\\htdocs\\csproject\\app\\Controllers\\UserController.php', 77)
 2 SYSTEMPATH\CodeIgniter.php(934): App\Controllers\UserController->do_register()
 3 SYSTEMPATH\CodeIgniter.php(499): CodeIgniter\CodeIgniter->runController(Object(App\Controllers\UserController))
 4 SYSTEMPATH\CodeIgniter.php(368): CodeIgniter\CodeIgniter->handleRequest(null, Object(Config\Cache), false)
 5 FCPATH\index.php(67): CodeIgniter\CodeIgniter->run()
 6 SYSTEMPATH\Commands\Server\rewrite.php(47): require_once('C:\\xampp\\htdocs\\csproject\\public\\index.php')
CRITICAL - 2023-06-17 07:39:16 --> Undefined property: App\Controllers\UserController::$password
in APPPATH\Controllers\UserController.php on line 54.
 1 APPPATH\Controllers\UserController.php(54): CodeIgniter\Debug\Exceptions->errorHandler(2, 'Undefined property: App\\Controllers\\UserController::$password', 'C:\\xampp\\htdocs\\csproject\\app\\Controllers\\UserController.php', 54)
 2 SYSTEMPATH\CodeIgniter.php(934): App\Controllers\UserController->do_register()
 3 SYSTEMPATH\CodeIgniter.php(499): CodeIgniter\CodeIgniter->runController(Object(App\Controllers\UserController))
 4 SYSTEMPATH\CodeIgniter.php(368): CodeIgniter\CodeIgniter->handleRequest(null, Object(Config\Cache), false)
 5 FCPATH\index.php(67): CodeIgniter\CodeIgniter->run()
 6 SYSTEMPATH\Commands\Server\rewrite.php(47): require_once('C:\\xampp\\htdocs\\csproject\\public\\index.php')
CRITICAL - 2023-06-17 07:41:42 --> Undefined property: App\Controllers\UserController::$password
in APPPATH\Controllers\UserController.php on line 57.
 1 APPPATH\Controllers\UserController.php(57): CodeIgniter\Debug\Exceptions->errorHandler(2, 'Undefined property: App\\Controllers\\UserController::$password', 'C:\\xampp\\htdocs\\csproject\\app\\Controllers\\UserController.php', 57)
 2 SYSTEMPATH\CodeIgniter.php(934): App\Controllers\UserController->do_register()
 3 SYSTEMPATH\CodeIgniter.php(499): CodeIgniter\CodeIgniter->runController(Object(App\Controllers\UserController))
 4 SYSTEMPATH\CodeIgniter.php(368): CodeIgniter\CodeIgniter->handleRequest(null, Object(Config\Cache), false)
 5 FCPATH\index.php(67): CodeIgniter\CodeIgniter->run()
 6 SYSTEMPATH\Commands\Server\rewrite.php(47): require_once('C:\\xampp\\htdocs\\csproject\\public\\index.php')
ERROR - 2023-06-17 08:36:24 --> Error connecting to the database: mysqli_sql_exception: No connection could be made because the target machine actively refused it in C:\xampp\htdocs\csproject\csproject\system\Database\MySQLi\Connection.php:173
Stack trace:
#0 C:\xampp\htdocs\csproject\csproject\system\Database\MySQLi\Connection.php(173): mysqli->real_connect('p:localhost', 'root', Object(SensitiveParameterValue), 'recipe_db', 3307, '', 0)
#1 C:\xampp\htdocs\csproject\csproject\system\Database\BaseConnection.php(391): CodeIgniter\Database\MySQLi\Connection->connect(true)
#2 C:\xampp\htdocs\csproject\csproject\system\Database\BaseConnection.php(574): CodeIgniter\Database\BaseConnection->initialize()
#3 C:\xampp\htdocs\csproject\csproject\system\Database\BaseBuilder.php(2309): CodeIgniter\Database\BaseConnection->query('INSERT INTO `tb...', Array, false)
#4 C:\xampp\htdocs\csproject\csproject\system\Model.php(330): CodeIgniter\Database\BaseBuilder->insert()
#5 C:\xampp\htdocs\csproject\csproject\system\BaseModel.php(782): CodeIgniter\Model->doInsert(Array)
#6 C:\xampp\htdocs\csproject\csproject\system\Model.php(730): CodeIgniter\BaseModel->insert(Array, true)
#7 C:\xampp\htdocs\csproject\csproject\app\Controllers\UserController.php(60): CodeIgniter\Model->insert(Array)
#8 C:\xampp\htdocs\csproject\csproject\system\CodeIgniter.php(934): App\Controllers\UserController->do_register()
#9 C:\xampp\htdocs\csproject\csproject\system\CodeIgniter.php(499): CodeIgniter\CodeIgniter->runController(Object(App\Controllers\UserController))
#10 C:\xampp\htdocs\csproject\csproject\system\CodeIgniter.php(368): CodeIgniter\CodeIgniter->handleRequest(NULL, Object(Config\Cache), false)
#11 C:\xampp\htdocs\csproject\csproject\public\index.php(67): CodeIgniter\CodeIgniter->run()
#12 C:\xampp\htdocs\csproject\csproject\system\Commands\Server\rewrite.php(47): require_once('C:\\xampp\\htdocs...')
#13 {main}

Next CodeIgniter\Database\Exceptions\DatabaseException: No connection could be made because the target machine actively refused it in C:\xampp\htdocs\csproject\csproject\system\Database\MySQLi\Connection.php:218
Stack trace:
#0 C:\xampp\htdocs\csproject\csproject\system\Database\BaseConnection.php(391): CodeIgniter\Database\MySQLi\Connection->connect(true)
#1 C:\xampp\htdocs\csproject\csproject\system\Database\BaseConnection.php(574): CodeIgniter\Database\BaseConnection->initialize()
#2 C:\xampp\htdocs\csproject\csproject\system\Database\BaseBuilder.php(2309): CodeIgniter\Database\BaseConnection->query('INSERT INTO `tb...', Array, false)
#3 C:\xampp\htdocs\csproject\csproject\system\Model.php(330): CodeIgniter\Database\BaseBuilder->insert()
#4 C:\xampp\htdocs\csproject\csproject\system\BaseModel.php(782): CodeIgniter\Model->doInsert(Array)
#5 C:\xampp\htdocs\csproject\csproject\system\Model.php(730): CodeIgniter\BaseModel->insert(Array, true)
#6 C:\xampp\htdocs\csproject\csproject\app\Controllers\UserController.php(60): CodeIgniter\Model->insert(Array)
#7 C:\xampp\htdocs\csproject\csproject\system\CodeIgniter.php(934): App\Controllers\UserController->do_register()
#8 C:\xampp\htdocs\csproject\csproject\system\CodeIgniter.php(499): CodeIgniter\CodeIgniter->runController(Object(App\Controllers\UserController))
#9 C:\xampp\htdocs\csproject\csproject\system\CodeIgniter.php(368): CodeIgniter\CodeIgniter->handleRequest(NULL, Object(Config\Cache), false)
#10 C:\xampp\htdocs\csproject\csproject\public\index.php(67): CodeIgniter\CodeIgniter->run()
#11 C:\xampp\htdocs\csproject\csproject\system\Commands\Server\rewrite.php(47): require_once('C:\\xampp\\htdocs...')
#12 {main}
CRITICAL - 2023-06-17 08:36:24 --> Unable to connect to the database.
Main connection [MySQLi]: No connection could be made because the target machine actively refused it
in SYSTEMPATH\Database\BaseConnection.php on line 427.
 1 SYSTEMPATH\Database\BaseConnection.php(574): CodeIgniter\Database\BaseConnection->initialize()
 2 SYSTEMPATH\Database\BaseBuilder.php(2309): CodeIgniter\Database\BaseConnection->query('INSERT INTO `tbl_user` (`email`, `password`, `c_password`) VALUES (:email:, :password:, :c_password:)', [...], false)
 3 SYSTEMPATH\Model.php(330): CodeIgniter\Database\BaseBuilder->insert()
 4 SYSTEMPATH\BaseModel.php(782): CodeIgniter\Model->doInsert([...])
 5 SYSTEMPATH\Model.php(730): CodeIgniter\BaseModel->insert([...], true)
 6 APPPATH\Controllers\UserController.php(60): CodeIgniter\Model->insert([...])
 7 SYSTEMPATH\CodeIgniter.php(934): App\Controllers\UserController->do_register()
 8 SYSTEMPATH\CodeIgniter.php(499): CodeIgniter\CodeIgniter->runController(Object(App\Controllers\UserController))
 9 SYSTEMPATH\CodeIgniter.php(368): CodeIgniter\CodeIgniter->handleRequest(null, Object(Config\Cache), false)
10 FCPATH\index.php(67): CodeIgniter\CodeIgniter->run()
11 SYSTEMPATH\Commands\Server\rewrite.php(47): require_once('C:\\xampp\\htdocs\\csproject\\csproject\\public\\index.php')
ERROR - 2023-06-17 08:36:28 --> Error connecting to the database: mysqli_sql_exception: No connection could be made because the target machine actively refused it in C:\xampp\htdocs\csproject\csproject\system\Database\MySQLi\Connection.php:173
Stack trace:
#0 C:\xampp\htdocs\csproject\csproject\system\Database\MySQLi\Connection.php(173): mysqli->real_connect('p:localhost', 'root', Object(SensitiveParameterValue), 'recipe_db', 3307, '', 0)
#1 C:\xampp\htdocs\csproject\csproject\system\Database\BaseConnection.php(391): CodeIgniter\Database\MySQLi\Connection->connect(true)
#2 C:\xampp\htdocs\csproject\csproject\system\Database\BaseConnection.php(574): CodeIgniter\Database\BaseConnection->initialize()
#3 C:\xampp\htdocs\csproject\csproject\system\Database\BaseBuilder.php(2309): CodeIgniter\Database\BaseConnection->query('INSERT INTO `tb...', Array, false)
#4 C:\xampp\htdocs\csproject\csproject\system\Model.php(330): CodeIgniter\Database\BaseBuilder->insert()
#5 C:\xampp\htdocs\csproject\csproject\system\BaseModel.php(782): CodeIgniter\Model->doInsert(Array)
#6 C:\xampp\htdocs\csproject\csproject\system\Model.php(730): CodeIgniter\BaseModel->insert(Array, true)
#7 C:\xampp\htdocs\csproject\csproject\app\Controllers\UserController.php(60): CodeIgniter\Model->insert(Array)
#8 C:\xampp\htdocs\csproject\csproject\system\CodeIgniter.php(934): App\Controllers\UserController->do_register()
#9 C:\xampp\htdocs\csproject\csproject\system\CodeIgniter.php(499): CodeIgniter\CodeIgniter->runController(Object(App\Controllers\UserController))
#10 C:\xampp\htdocs\csproject\csproject\system\CodeIgniter.php(368): CodeIgniter\CodeIgniter->handleRequest(NULL, Object(Config\Cache), false)
#11 C:\xampp\htdocs\csproject\csproject\public\index.php(67): CodeIgniter\CodeIgniter->run()
#12 C:\xampp\htdocs\csproject\csproject\system\Commands\Server\rewrite.php(47): require_once('C:\\xampp\\htdocs...')
#13 {main}

Next CodeIgniter\Database\Exceptions\DatabaseException: No connection could be made because the target machine actively refused it in C:\xampp\htdocs\csproject\csproject\system\Database\MySQLi\Connection.php:218
Stack trace:
#0 C:\xampp\htdocs\csproject\csproject\system\Database\BaseConnection.php(391): CodeIgniter\Database\MySQLi\Connection->connect(true)
#1 C:\xampp\htdocs\csproject\csproject\system\Database\BaseConnection.php(574): CodeIgniter\Database\BaseConnection->initialize()
#2 C:\xampp\htdocs\csproject\csproject\system\Database\BaseBuilder.php(2309): CodeIgniter\Database\BaseConnection->query('INSERT INTO `tb...', Array, false)
#3 C:\xampp\htdocs\csproject\csproject\system\Model.php(330): CodeIgniter\Database\BaseBuilder->insert()
#4 C:\xampp\htdocs\csproject\csproject\system\BaseModel.php(782): CodeIgniter\Model->doInsert(Array)
#5 C:\xampp\htdocs\csproject\csproject\system\Model.php(730): CodeIgniter\BaseModel->insert(Array, true)
#6 C:\xampp\htdocs\csproject\csproject\app\Controllers\UserController.php(60): CodeIgniter\Model->insert(Array)
#7 C:\xampp\htdocs\csproject\csproject\system\CodeIgniter.php(934): App\Controllers\UserController->do_register()
#8 C:\xampp\htdocs\csproject\csproject\system\CodeIgniter.php(499): CodeIgniter\CodeIgniter->runController(Object(App\Controllers\UserController))
#9 C:\xampp\htdocs\csproject\csproject\system\CodeIgniter.php(368): CodeIgniter\CodeIgniter->handleRequest(NULL, Object(Config\Cache), false)
#10 C:\xampp\htdocs\csproject\csproject\public\index.php(67): CodeIgniter\CodeIgniter->run()
#11 C:\xampp\htdocs\csproject\csproject\system\Commands\Server\rewrite.php(47): require_once('C:\\xampp\\htdocs...')
#12 {main}
CRITICAL - 2023-06-17 08:36:28 --> Unable to connect to the database.
Main connection [MySQLi]: No connection could be made because the target machine actively refused it
in SYSTEMPATH\Database\BaseConnection.php on line 427.
 1 SYSTEMPATH\Database\BaseConnection.php(574): CodeIgniter\Database\BaseConnection->initialize()
 2 SYSTEMPATH\Database\BaseBuilder.php(2309): CodeIgniter\Database\BaseConnection->query('INSERT INTO `tbl_user` (`email`, `password`, `c_password`) VALUES (:email:, :password:, :c_password:)', [...], false)
 3 SYSTEMPATH\Model.php(330): CodeIgniter\Database\BaseBuilder->insert()
 4 SYSTEMPATH\BaseModel.php(782): CodeIgniter\Model->doInsert([...])
 5 SYSTEMPATH\Model.php(730): CodeIgniter\BaseModel->insert([...], true)
 6 APPPATH\Controllers\UserController.php(60): CodeIgniter\Model->insert([...])
 7 SYSTEMPATH\CodeIgniter.php(934): App\Controllers\UserController->do_register()
 8 SYSTEMPATH\CodeIgniter.php(499): CodeIgniter\CodeIgniter->runController(Object(App\Controllers\UserController))
 9 SYSTEMPATH\CodeIgniter.php(368): CodeIgniter\CodeIgniter->handleRequest(null, Object(Config\Cache), false)
10 FCPATH\index.php(67): CodeIgniter\CodeIgniter->run()
11 SYSTEMPATH\Commands\Server\rewrite.php(47): require_once('C:\\xampp\\htdocs\\csproject\\csproject\\public\\index.php')
ERROR - 2023-06-17 08:36:54 --> Error connecting to the database: mysqli_sql_exception: No connection could be made because the target machine actively refused it in C:\xampp\htdocs\csproject\csproject\system\Database\MySQLi\Connection.php:173
Stack trace:
#0 C:\xampp\htdocs\csproject\csproject\system\Database\MySQLi\Connection.php(173): mysqli->real_connect('p:localhost', 'root', Object(SensitiveParameterValue), 'recipe_db', 3307, '', 0)
#1 C:\xampp\htdocs\csproject\csproject\system\Database\BaseConnection.php(391): CodeIgniter\Database\MySQLi\Connection->connect(true)
#2 C:\xampp\htdocs\csproject\csproject\system\Database\BaseConnection.php(574): CodeIgniter\Database\BaseConnection->initialize()
#3 C:\xampp\htdocs\csproject\csproject\system\Database\BaseBuilder.php(2309): CodeIgniter\Database\BaseConnection->query('INSERT INTO `tb...', Array, false)
#4 C:\xampp\htdocs\csproject\csproject\system\Model.php(330): CodeIgniter\Database\BaseBuilder->insert()
#5 C:\xampp\htdocs\csproject\csproject\system\BaseModel.php(782): CodeIgniter\Model->doInsert(Array)
#6 C:\xampp\htdocs\csproject\csproject\system\Model.php(730): CodeIgniter\BaseModel->insert(Array, true)
#7 C:\xampp\htdocs\csproject\csproject\app\Controllers\UserController.php(60): CodeIgniter\Model->insert(Array)
#8 C:\xampp\htdocs\csproject\csproject\system\CodeIgniter.php(934): App\Controllers\UserController->do_register()
#9 C:\xampp\htdocs\csproject\csproject\system\CodeIgniter.php(499): CodeIgniter\CodeIgniter->runController(Object(App\Controllers\UserController))
#10 C:\xampp\htdocs\csproject\csproject\system\CodeIgniter.php(368): CodeIgniter\CodeIgniter->handleRequest(NULL, Object(Config\Cache), false)
#11 C:\xampp\htdocs\csproject\csproject\public\index.php(67): CodeIgniter\CodeIgniter->run()
#12 C:\xampp\htdocs\csproject\csproject\system\Commands\Server\rewrite.php(47): require_once('C:\\xampp\\htdocs...')
#13 {main}

Next CodeIgniter\Database\Exceptions\DatabaseException: No connection could be made because the target machine actively refused it in C:\xampp\htdocs\csproject\csproject\system\Database\MySQLi\Connection.php:218
Stack trace:
#0 C:\xampp\htdocs\csproject\csproject\system\Database\BaseConnection.php(391): CodeIgniter\Database\MySQLi\Connection->connect(true)
#1 C:\xampp\htdocs\csproject\csproject\system\Database\BaseConnection.php(574): CodeIgniter\Database\BaseConnection->initialize()
#2 C:\xampp\htdocs\csproject\csproject\system\Database\BaseBuilder.php(2309): CodeIgniter\Database\BaseConnection->query('INSERT INTO `tb...', Array, false)
#3 C:\xampp\htdocs\csproject\csproject\system\Model.php(330): CodeIgniter\Database\BaseBuilder->insert()
#4 C:\xampp\htdocs\csproject\csproject\system\BaseModel.php(782): CodeIgniter\Model->doInsert(Array)
#5 C:\xampp\htdocs\csproject\csproject\system\Model.php(730): CodeIgniter\BaseModel->insert(Array, true)
#6 C:\xampp\htdocs\csproject\csproject\app\Controllers\UserController.php(60): CodeIgniter\Model->insert(Array)
#7 C:\xampp\htdocs\csproject\csproject\system\CodeIgniter.php(934): App\Controllers\UserController->do_register()
#8 C:\xampp\htdocs\csproject\csproject\system\CodeIgniter.php(499): CodeIgniter\CodeIgniter->runController(Object(App\Controllers\UserController))
#9 C:\xampp\htdocs\csproject\csproject\system\CodeIgniter.php(368): CodeIgniter\CodeIgniter->handleRequest(NULL, Object(Config\Cache), false)
#10 C:\xampp\htdocs\csproject\csproject\public\index.php(67): CodeIgniter\CodeIgniter->run()
#11 C:\xampp\htdocs\csproject\csproject\system\Commands\Server\rewrite.php(47): require_once('C:\\xampp\\htdocs...')
#12 {main}
CRITICAL - 2023-06-17 08:36:54 --> Unable to connect to the database.
Main connection [MySQLi]: No connection could be made because the target machine actively refused it
in SYSTEMPATH\Database\BaseConnection.php on line 427.
 1 SYSTEMPATH\Database\BaseConnection.php(574): CodeIgniter\Database\BaseConnection->initialize()
 2 SYSTEMPATH\Database\BaseBuilder.php(2309): CodeIgniter\Database\BaseConnection->query('INSERT INTO `tbl_user` (`email`, `password`, `c_password`) VALUES (:email:, :password:, :c_password:)', [...], false)
 3 SYSTEMPATH\Model.php(330): CodeIgniter\Database\BaseBuilder->insert()
 4 SYSTEMPATH\BaseModel.php(782): CodeIgniter\Model->doInsert([...])
 5 SYSTEMPATH\Model.php(730): CodeIgniter\BaseModel->insert([...], true)
 6 APPPATH\Controllers\UserController.php(60): CodeIgniter\Model->insert([...])
 7 SYSTEMPATH\CodeIgniter.php(934): App\Controllers\UserController->do_register()
 8 SYSTEMPATH\CodeIgniter.php(499): CodeIgniter\CodeIgniter->runController(Object(App\Controllers\UserController))
 9 SYSTEMPATH\CodeIgniter.php(368): CodeIgniter\CodeIgniter->handleRequest(null, Object(Config\Cache), false)
10 FCPATH\index.php(67): CodeIgniter\CodeIgniter->run()
11 SYSTEMPATH\Commands\Server\rewrite.php(47): require_once('C:\\xampp\\htdocs\\csproject\\csproject\\public\\index.php')
ERROR - 2023-06-17 09:24:04 --> mysqli_sql_exception: Column 'fname' cannot be null in C:\xampp\htdocs\csproject\csproject\system\Database\MySQLi\Connection.php:295
Stack trace:
#0 C:\xampp\htdocs\csproject\csproject\system\Database\MySQLi\Connection.php(295): mysqli->query('INSERT INTO `tb...', 0)
#1 C:\xampp\htdocs\csproject\csproject\system\Database\BaseConnection.php(692): CodeIgniter\Database\MySQLi\Connection->execute('INSERT INTO `tb...')
#2 C:\xampp\htdocs\csproject\csproject\system\Database\BaseConnection.php(606): CodeIgniter\Database\BaseConnection->simpleQuery('INSERT INTO `tb...')
#3 C:\xampp\htdocs\csproject\csproject\system\Database\BaseBuilder.php(2309): CodeIgniter\Database\BaseConnection->query('INSERT INTO `tb...', Array, false)
#4 C:\xampp\htdocs\csproject\csproject\system\Model.php(330): CodeIgniter\Database\BaseBuilder->insert()
#5 C:\xampp\htdocs\csproject\csproject\system\BaseModel.php(782): CodeIgniter\Model->doInsert(Array)
#6 C:\xampp\htdocs\csproject\csproject\system\Model.php(730): CodeIgniter\BaseModel->insert(Array, true)
#7 C:\xampp\htdocs\csproject\csproject\app\Controllers\UserController.php(60): CodeIgniter\Model->insert(Array)
#8 C:\xampp\htdocs\csproject\csproject\system\CodeIgniter.php(934): App\Controllers\UserController->do_register()
#9 C:\xampp\htdocs\csproject\csproject\system\CodeIgniter.php(499): CodeIgniter\CodeIgniter->runController(Object(App\Controllers\UserController))
#10 C:\xampp\htdocs\csproject\csproject\system\CodeIgniter.php(368): CodeIgniter\CodeIgniter->handleRequest(NULL, Object(Config\Cache), false)
#11 C:\xampp\htdocs\csproject\csproject\public\index.php(67): CodeIgniter\CodeIgniter->run()
#12 C:\xampp\htdocs\csproject\csproject\system\Commands\Server\rewrite.php(47): require_once('C:\\xampp\\htdocs...')
#13 {main}
CRITICAL - 2023-06-17 09:24:04 --> Column 'fname' cannot be null
in SYSTEMPATH\Database\MySQLi\Connection.php on line 295.
 1 SYSTEMPATH\Database\MySQLi\Connection.php(295): mysqli->query('INSERT INTO `tbl_user` (`fname`, `email`, `password`, `c_password`) VALUES (NULL, \'phil@gmail.com\', \'11111111\', \'11111111\')', 0)
 2 SYSTEMPATH\Database\BaseConnection.php(692): CodeIgniter\Database\MySQLi\Connection->execute('INSERT INTO `tbl_user` (`fname`, `email`, `password`, `c_password`) VALUES (NULL, \'phil@gmail.com\', \'11111111\', \'11111111\')')
 3 SYSTEMPATH\Database\BaseConnection.php(606): CodeIgniter\Database\BaseConnection->simpleQuery('INSERT INTO `tbl_user` (`fname`, `email`, `password`, `c_password`) VALUES (NULL, \'phil@gmail.com\', \'11111111\', \'11111111\')')
 4 SYSTEMPATH\Database\BaseBuilder.php(2309): CodeIgniter\Database\BaseConnection->query('INSERT INTO `tbl_user` (`fname`, `email`, `password`, `c_password`) VALUES (:fname:, :email:, :password:, :c_password:)', [...], false)
 5 SYSTEMPATH\Model.php(330): CodeIgniter\Database\BaseBuilder->insert()
 6 SYSTEMPATH\BaseModel.php(782): CodeIgniter\Model->doInsert([...])
 7 SYSTEMPATH\Model.php(730): CodeIgniter\BaseModel->insert([...], true)
 8 APPPATH\Controllers\UserController.php(60): CodeIgniter\Model->insert([...])
 9 SYSTEMPATH\CodeIgniter.php(934): App\Controllers\UserController->do_register()
10 SYSTEMPATH\CodeIgniter.php(499): CodeIgniter\CodeIgniter->runController(Object(App\Controllers\UserController))
11 SYSTEMPATH\CodeIgniter.php(368): CodeIgniter\CodeIgniter->handleRequest(null, Object(Config\Cache), false)
12 FCPATH\index.php(67): CodeIgniter\CodeIgniter->run()
13 SYSTEMPATH\Commands\Server\rewrite.php(47): require_once('C:\\xampp\\htdocs\\csproject\\csproject\\public\\index.php')
ERROR - 2023-06-17 09:26:36 --> mysqli_sql_exception: Column 'fname' cannot be null in C:\xampp\htdocs\csproject\csproject\system\Database\MySQLi\Connection.php:295
Stack trace:
#0 C:\xampp\htdocs\csproject\csproject\system\Database\MySQLi\Connection.php(295): mysqli->query('INSERT INTO `tb...', 0)
#1 C:\xampp\htdocs\csproject\csproject\system\Database\BaseConnection.php(692): CodeIgniter\Database\MySQLi\Connection->execute('INSERT INTO `tb...')
#2 C:\xampp\htdocs\csproject\csproject\system\Database\BaseConnection.php(606): CodeIgniter\Database\BaseConnection->simpleQuery('INSERT INTO `tb...')
#3 C:\xampp\htdocs\csproject\csproject\system\Database\BaseBuilder.php(2309): CodeIgniter\Database\BaseConnection->query('INSERT INTO `tb...', Array, false)
#4 C:\xampp\htdocs\csproject\csproject\system\Model.php(330): CodeIgniter\Database\BaseBuilder->insert()
#5 C:\xampp\htdocs\csproject\csproject\system\BaseModel.php(782): CodeIgniter\Model->doInsert(Array)
#6 C:\xampp\htdocs\csproject\csproject\system\Model.php(730): CodeIgniter\BaseModel->insert(Array, true)
#7 C:\xampp\htdocs\csproject\csproject\app\Controllers\UserController.php(60): CodeIgniter\Model->insert(Array)
#8 C:\xampp\htdocs\csproject\csproject\system\CodeIgniter.php(934): App\Controllers\UserController->do_register()
#9 C:\xampp\htdocs\csproject\csproject\system\CodeIgniter.php(499): CodeIgniter\CodeIgniter->runController(Object(App\Controllers\UserController))
#10 C:\xampp\htdocs\csproject\csproject\system\CodeIgniter.php(368): CodeIgniter\CodeIgniter->handleRequest(NULL, Object(Config\Cache), false)
#11 C:\xampp\htdocs\csproject\csproject\public\index.php(67): CodeIgniter\CodeIgniter->run()
#12 C:\xampp\htdocs\csproject\csproject\system\Commands\Server\rewrite.php(47): require_once('C:\\xampp\\htdocs...')
#13 {main}
CRITICAL - 2023-06-17 09:26:36 --> Column 'fname' cannot be null
in SYSTEMPATH\Database\MySQLi\Connection.php on line 295.
 1 SYSTEMPATH\Database\MySQLi\Connection.php(295): mysqli->query('INSERT INTO `tbl_user` (`fname`, `email`, `password`, `c_password`) VALUES (NULL, \'phil@gmail.com\', \'11111111\', \'11111111\')', 0)
 2 SYSTEMPATH\Database\BaseConnection.php(692): CodeIgniter\Database\MySQLi\Connection->execute('INSERT INTO `tbl_user` (`fname`, `email`, `password`, `c_password`) VALUES (NULL, \'phil@gmail.com\', \'11111111\', \'11111111\')')
 3 SYSTEMPATH\Database\BaseConnection.php(606): CodeIgniter\Database\BaseConnection->simpleQuery('INSERT INTO `tbl_user` (`fname`, `email`, `password`, `c_password`) VALUES (NULL, \'phil@gmail.com\', \'11111111\', \'11111111\')')
 4 SYSTEMPATH\Database\BaseBuilder.php(2309): CodeIgniter\Database\BaseConnection->query('INSERT INTO `tbl_user` (`fname`, `email`, `password`, `c_password`) VALUES (:fname:, :email:, :password:, :c_password:)', [...], false)
 5 SYSTEMPATH\Model.php(330): CodeIgniter\Database\BaseBuilder->insert()
 6 SYSTEMPATH\BaseModel.php(782): CodeIgniter\Model->doInsert([...])
 7 SYSTEMPATH\Model.php(730): CodeIgniter\BaseModel->insert([...], true)
 8 APPPATH\Controllers\UserController.php(60): CodeIgniter\Model->insert([...])
 9 SYSTEMPATH\CodeIgniter.php(934): App\Controllers\UserController->do_register()
10 SYSTEMPATH\CodeIgniter.php(499): CodeIgniter\CodeIgniter->runController(Object(App\Controllers\UserController))
11 SYSTEMPATH\CodeIgniter.php(368): CodeIgniter\CodeIgniter->handleRequest(null, Object(Config\Cache), false)
12 FCPATH\index.php(67): CodeIgniter\CodeIgniter->run()
13 SYSTEMPATH\Commands\Server\rewrite.php(47): require_once('C:\\xampp\\htdocs\\csproject\\csproject\\public\\index.php')
ERROR - 2023-06-17 09:35:04 --> mysqli_sql_exception: Column 'fname' cannot be null in C:\xampp\htdocs\csproject\csproject\system\Database\MySQLi\Connection.php:295
Stack trace:
#0 C:\xampp\htdocs\csproject\csproject\system\Database\MySQLi\Connection.php(295): mysqli->query('INSERT INTO `tb...', 0)
#1 C:\xampp\htdocs\csproject\csproject\system\Database\BaseConnection.php(692): CodeIgniter\Database\MySQLi\Connection->execute('INSERT INTO `tb...')
#2 C:\xampp\htdocs\csproject\csproject\system\Database\BaseConnection.php(606): CodeIgniter\Database\BaseConnection->simpleQuery('INSERT INTO `tb...')
#3 C:\xampp\htdocs\csproject\csproject\system\Database\BaseBuilder.php(2309): CodeIgniter\Database\BaseConnection->query('INSERT INTO `tb...', Array, false)
#4 C:\xampp\htdocs\csproject\csproject\system\Model.php(330): CodeIgniter\Database\BaseBuilder->insert()
#5 C:\xampp\htdocs\csproject\csproject\system\BaseModel.php(782): CodeIgniter\Model->doInsert(Array)
#6 C:\xampp\htdocs\csproject\csproject\system\Model.php(730): CodeIgniter\BaseModel->insert(Array, true)
#7 C:\xampp\htdocs\csproject\csproject\app\Controllers\UserController.php(60): CodeIgniter\Model->insert(Array)
#8 C:\xampp\htdocs\csproject\csproject\system\CodeIgniter.php(934): App\Controllers\UserController->do_register()
#9 C:\xampp\htdocs\csproject\csproject\system\CodeIgniter.php(499): CodeIgniter\CodeIgniter->runController(Object(App\Controllers\UserController))
#10 C:\xampp\htdocs\csproject\csproject\system\CodeIgniter.php(368): CodeIgniter\CodeIgniter->handleRequest(NULL, Object(Config\Cache), false)
#11 C:\xampp\htdocs\csproject\csproject\public\index.php(67): CodeIgniter\CodeIgniter->run()
#12 C:\xampp\htdocs\csproject\csproject\system\Commands\Server\rewrite.php(47): require_once('C:\\xampp\\htdocs...')
#13 {main}
CRITICAL - 2023-06-17 09:35:04 --> Column 'fname' cannot be null
in SYSTEMPATH\Database\MySQLi\Connection.php on line 295.
 1 SYSTEMPATH\Database\MySQLi\Connection.php(295): mysqli->query('INSERT INTO `tbl_user` (`fname`, `email`, `password`, `c_password`) VALUES (NULL, \'phil@gmail.com\', \'11111111\', \'11111111\')', 0)
 2 SYSTEMPATH\Database\BaseConnection.php(692): CodeIgniter\Database\MySQLi\Connection->execute('INSERT INTO `tbl_user` (`fname`, `email`, `password`, `c_password`) VALUES (NULL, \'phil@gmail.com\', \'11111111\', \'11111111\')')
 3 SYSTEMPATH\Database\BaseConnection.php(606): CodeIgniter\Database\BaseConnection->simpleQuery('INSERT INTO `tbl_user` (`fname`, `email`, `password`, `c_password`) VALUES (NULL, \'phil@gmail.com\', \'11111111\', \'11111111\')')
 4 SYSTEMPATH\Database\BaseBuilder.php(2309): CodeIgniter\Database\BaseConnection->query('INSERT INTO `tbl_user` (`fname`, `email`, `password`, `c_password`) VALUES (:fname:, :email:, :password:, :c_password:)', [...], false)
 5 SYSTEMPATH\Model.php(330): CodeIgniter\Database\BaseBuilder->insert()
 6 SYSTEMPATH\BaseModel.php(782): CodeIgniter\Model->doInsert([...])
 7 SYSTEMPATH\Model.php(730): CodeIgniter\BaseModel->insert([...], true)
 8 APPPATH\Controllers\UserController.php(60): CodeIgniter\Model->insert([...])
 9 SYSTEMPATH\CodeIgniter.php(934): App\Controllers\UserController->do_register()
10 SYSTEMPATH\CodeIgniter.php(499): CodeIgniter\CodeIgniter->runController(Object(App\Controllers\UserController))
11 SYSTEMPATH\CodeIgniter.php(368): CodeIgniter\CodeIgniter->handleRequest(null, Object(Config\Cache), false)
12 FCPATH\index.php(67): CodeIgniter\CodeIgniter->run()
13 SYSTEMPATH\Commands\Server\rewrite.php(47): require_once('C:\\xampp\\htdocs\\csproject\\csproject\\public\\index.php')
ERROR - 2023-06-17 09:39:42 --> mysqli_sql_exception: Column 'fname' cannot be null in C:\xampp\htdocs\csproject\csproject\system\Database\MySQLi\Connection.php:295
Stack trace:
#0 C:\xampp\htdocs\csproject\csproject\system\Database\MySQLi\Connection.php(295): mysqli->query('INSERT INTO `tb...', 0)
#1 C:\xampp\htdocs\csproject\csproject\system\Database\BaseConnection.php(692): CodeIgniter\Database\MySQLi\Connection->execute('INSERT INTO `tb...')
#2 C:\xampp\htdocs\csproject\csproject\system\Database\BaseConnection.php(606): CodeIgniter\Database\BaseConnection->simpleQuery('INSERT INTO `tb...')
#3 C:\xampp\htdocs\csproject\csproject\system\Database\BaseBuilder.php(2309): CodeIgniter\Database\BaseConnection->query('INSERT INTO `tb...', Array, false)
#4 C:\xampp\htdocs\csproject\csproject\system\Model.php(330): CodeIgniter\Database\BaseBuilder->insert()
#5 C:\xampp\htdocs\csproject\csproject\system\BaseModel.php(782): CodeIgniter\Model->doInsert(Array)
#6 C:\xampp\htdocs\csproject\csproject\system\Model.php(730): CodeIgniter\BaseModel->insert(Array, true)
#7 C:\xampp\htdocs\csproject\csproject\app\Controllers\UserController.php(60): CodeIgniter\Model->insert(Array)
#8 C:\xampp\htdocs\csproject\csproject\system\CodeIgniter.php(934): App\Controllers\UserController->do_register()
#9 C:\xampp\htdocs\csproject\csproject\system\CodeIgniter.php(499): CodeIgniter\CodeIgniter->runController(Object(App\Controllers\UserController))
#10 C:\xampp\htdocs\csproject\csproject\system\CodeIgniter.php(368): CodeIgniter\CodeIgniter->handleRequest(NULL, Object(Config\Cache), false)
#11 C:\xampp\htdocs\csproject\csproject\public\index.php(67): CodeIgniter\CodeIgniter->run()
#12 C:\xampp\htdocs\csproject\csproject\system\Commands\Server\rewrite.php(47): require_once('C:\\xampp\\htdocs...')
#13 {main}
CRITICAL - 2023-06-17 09:39:43 --> Column 'fname' cannot be null
in SYSTEMPATH\Database\MySQLi\Connection.php on line 295.
 1 SYSTEMPATH\Database\MySQLi\Connection.php(295): mysqli->query('INSERT INTO `tbl_user` (`fname`, `email`, `password`, `c_password`) VALUES (NULL, \'rose@gmail.com\', \'222222223\', \'222222223\')', 0)
 2 SYSTEMPATH\Database\BaseConnection.php(692): CodeIgniter\Database\MySQLi\Connection->execute('INSERT INTO `tbl_user` (`fname`, `email`, `password`, `c_password`) VALUES (NULL, \'rose@gmail.com\', \'222222223\', \'222222223\')')
 3 SYSTEMPATH\Database\BaseConnection.php(606): CodeIgniter\Database\BaseConnection->simpleQuery('INSERT INTO `tbl_user` (`fname`, `email`, `password`, `c_password`) VALUES (NULL, \'rose@gmail.com\', \'222222223\', \'222222223\')')
 4 SYSTEMPATH\Database\BaseBuilder.php(2309): CodeIgniter\Database\BaseConnection->query('INSERT INTO `tbl_user` (`fname`, `email`, `password`, `c_password`) VALUES (:fname:, :email:, :password:, :c_password:)', [...], false)
 5 SYSTEMPATH\Model.php(330): CodeIgniter\Database\BaseBuilder->insert()
 6 SYSTEMPATH\BaseModel.php(782): CodeIgniter\Model->doInsert([...])
 7 SYSTEMPATH\Model.php(730): CodeIgniter\BaseModel->insert([...], true)
 8 APPPATH\Controllers\UserController.php(60): CodeIgniter\Model->insert([...])
 9 SYSTEMPATH\CodeIgniter.php(934): App\Controllers\UserController->do_register()
10 SYSTEMPATH\CodeIgniter.php(499): CodeIgniter\CodeIgniter->runController(Object(App\Controllers\UserController))
11 SYSTEMPATH\CodeIgniter.php(368): CodeIgniter\CodeIgniter->handleRequest(null, Object(Config\Cache), false)
12 FCPATH\index.php(67): CodeIgniter\CodeIgniter->run()
13 SYSTEMPATH\Commands\Server\rewrite.php(47): require_once('C:\\xampp\\htdocs\\csproject\\csproject\\public\\index.php')
INFO - 2023-06-17 10:18:30 --> Session: Class initialized using 'CodeIgniter\Session\Handlers\FileHandler' driver.
INFO - 2023-06-17 10:19:09 --> Session: Class initialized using 'CodeIgniter\Session\Handlers\FileHandler' driver.
INFO - 2023-06-17 10:21:05 --> Session: Class initialized using 'CodeIgniter\Session\Handlers\FileHandler' driver.
